[2023-02-16T09:33:21.643] [INFO] KAMAR_ROUTE - [GET] /kamar Incoming request ...
[2023-02-16T02:37:37.871Z] GET /kamar - | - bytes - - ms
[2023-02-16T09:37:39.764] [INFO] KAMAR_ROUTE - [GET] /kamar Incoming request ...
[2023-02-16T09:42:15.737] [INFO] KAMAR_ROUTE - [GET] /kamar Incoming request ...
[2023-02-16T02:42:21.628Z] GET /kamar 200 | 128 bytes - 5897.142 ms
[2023-02-16T09:51:01.615] [INFO] KAMAR_ROUTE - [GET] /kamar Incoming request ...
[2023-02-16T02:56:21.459Z] GET /kamar - | - bytes - - ms
[2023-02-16T09:56:42.914] [INFO] KAMAR_ROUTE - [GET] /kamar Incoming request ...
[2023-02-16T03:08:48.547Z] GET /kamar - | - bytes - - ms
[2023-02-16T03:08:52.083Z] GET /kamar - | - bytes - - ms
[2023-02-16T10:09:36.547] [INFO] KAMAR_ROUTE - [GET] /kamar Incoming request ...
[2023-02-16T03:09:41.629Z] GET /kamar 200 | 128 bytes - 5082.395 ms
[2023-02-16T10:13:08.970] [INFO] KAMAR_ROUTE - [GET] /kamar Incoming request ...
[2023-02-16T03:13:11.851Z] GET /kamar 304 | - bytes - 2914.313 ms
[2023-02-16T10:14:30.152] [INFO] KAMAR_ROUTE - [GET] /kamar Incoming request ...
[2023-02-16T03:14:33.221Z] GET /kamar 304 | - bytes - 3069.144 ms
[2023-02-16T10:15:33.591] [INFO] KAMAR_ROUTE - [GET] /kamar Incoming request ...
[2023-02-16T10:16:55.151] [INFO] KAMAR_ROUTE - [GET] /kamar Incoming request ...
[2023-02-16T10:17:18.138] [INFO] KAMAR_ROUTE - [GET] /kamar Incoming request ...
[2023-02-16T03:17:19.609Z] GET /kamar 200 | 128 bytes - 1471.016 ms
[2023-02-16T03:17:42.854Z] GET /kamar - | - bytes - - ms
[2023-02-16T03:17:42.864Z] GET /kamar - | - bytes - - ms
[2023-02-16T10:17:44.716] [INFO] KAMAR_ROUTE - [GET] /kamar Incoming request ...
[2023-02-16T03:44:16.494Z] GET /kamar - | - bytes - - ms
[2023-02-16T10:44:18.425] [INFO] KAMAR_ROUTE - [GET] /kamar Incoming request ...
[2023-02-16T03:44:25.056Z] GET /kamar 200 | 128 bytes - 6697.350 ms
[2023-02-16T10:44:41.019] [INFO] KAMAR_ROUTE - [GET] /kamar Incoming request ...
[2023-02-16T03:44:43.329Z] GET /kamar 304 | - bytes - 2309.594 ms
[2023-02-16T11:39:57.090] [INFO] KAMAR_ROUTE - [GET] /kamar Incoming request ...
[2023-02-16T04:40:00.488Z] GET /kamar 304 | - bytes - 3439.608 ms
[2023-02-16T11:48:00.095] [INFO] KAMAR_ROUTE - [GET] /kamar Incoming request ...
[2023-02-16T04:48:02.784Z] GET /kamar 304 | - bytes - 2689.963 ms
[2023-02-16T11:55:56.107] [INFO] KAMAR_ROUTE - [GET] /kamar Incoming request ...
[2023-02-16T04:56:55.879Z] GET /kamar - | - bytes - - ms
[2023-02-16T11:56:58.065] [INFO] KAMAR_ROUTE - [GET] /kamar Incoming request ...
[2023-02-16T04:57:00.256Z] GET /kamar 200 | 128 bytes - 2191.322 ms
[2023-02-16T11:58:34.227] [INFO] KAMAR_ROUTE - [GET] /kamar Incoming request ...
[2023-02-16T12:02:14.148] [INFO] KAMAR_ROUTE - [GET] /kamar Incoming request ...
[2023-02-16T05:02:16.287Z] GET /kamar 200 | 128 bytes - 2208.452 ms
[2023-02-16T12:09:30.896] [INFO] KAMAR_ROUTE - [GET] /kamar Incoming request ...
[2023-02-16T05:09:32.941Z] GET /kamar 200 | 128 bytes - 2123.649 ms
[2023-02-16T19:13:10.205] [INFO] USER_ROUTE - [GET] /user/ Incoming request ...
[2023-02-16T12:13:12.546Z] GET /user/ 200 | 597 bytes - 2341.271 ms
