[2023-01-28T13:01:50.884] [INFO] TIPE_ROUTE - [PATCH] /tipe/1 Incoming request ...
[2023-01-28T06:01:51.685Z] PATCH /tipe/1 200 | 34 bytes - 800.423 ms
[2023-01-28T13:24:41.817] [INFO] USER_ROUTE - [POST] /user Incoming request ...
[2023-01-28T06:24:42.192Z] POST /user 200 | 258 bytes - 376.249 ms
[2023-01-28T13:28:46.838] [INFO] USER_ROUTE - [PATCH] /user/2 Incoming request ...
[2023-01-28T06:28:46.894Z] PATCH /user/2 200 | 34 bytes - 55.368 ms
[2023-01-28T13:32:24.524] [INFO] USER_ROUTE - [PATCH] /user/2 Incoming request ...
[2023-01-28T06:32:24.678Z] PATCH /user/2 422 | 315 bytes - 152.111 ms
[2023-01-28T13:32:41.165] [INFO] USER_ROUTE - [PATCH] /user/2 Incoming request ...
[2023-01-28T06:32:41.424Z] PATCH /user/2 200 | 34 bytes - 259.159 ms
[2023-01-28T10:20:15.024Z] POST /login 200 | 492 bytes - 584.351 ms
[2023-01-28T10:23:11.337Z] POST /kamar 401 | 36 bytes - 4.373 ms
[2023-01-28T17:23:11.333] [INFO] PAKET_ROUTE - [POST] /kamar Incoming request ...
[2023-01-28T10:23:20.153Z] POST /kamar 403 | 33 bytes - 2.796 ms
[2023-01-28T17:23:20.149] [INFO] PAKET_ROUTE - [POST] /kamar Incoming request ...
[2023-01-28T10:23:27.331Z] POST /kamar 403 | 33 bytes - 3.377 ms
[2023-01-28T17:23:27.328] [INFO] PAKET_ROUTE - [POST] /kamar Incoming request ...
[2023-01-28T17:24:03.478] [INFO] PAKET_ROUTE - [POST] /kamar Incoming request ...
[2023-01-28T10:24:03.568Z] POST /kamar 200 | 110 bytes - 90.072 ms
[2023-01-28T17:24:33.059] [INFO] PAKET_ROUTE - [POST] /kamar Incoming request ...
[2023-01-28T10:24:33.070Z] POST /kamar 200 | 110 bytes - 10.786 ms
[2023-01-28T17:28:04.743] [INFO] PAKET_ROUTE - [POST] /kamar Incoming request ...
[2023-01-28T10:28:04.827Z] POST /kamar 200 | 40 bytes - 96.426 ms
[2023-01-28T10:29:11.088Z] PATCH /login/2 404 | 33 bytes - 1.083 ms
[2023-01-28T10:29:27.766Z] PATCH /kamar/2 401 | 36 bytes - 1.063 ms
[2023-01-28T17:29:27.765] [INFO] PAKET_ROUTE - [PATCH] /kamar/2 Incoming request ...
[2023-01-28T17:29:35.427] [INFO] PAKET_ROUTE - [PATCH] /kamar/2 Incoming request ...
[2023-01-28T17:30:27.413] [INFO] PAKET_ROUTE - [PATCH] /kamar/2 Incoming request ...
[2023-01-28T10:30:27.520Z] PATCH /kamar/2 200 | 40 bytes - 124.574 ms
[2023-01-28T17:31:27.677] [INFO] PAKET_ROUTE - [PATCH] /kamar/2 Incoming request ...
[2023-01-28T10:31:27.765Z] PATCH /kamar/2 200 | 34 bytes - 87.832 ms
[2023-01-28T17:31:30.856] [INFO] PAKET_ROUTE - [PATCH] /kamar/2 Incoming request ...
[2023-01-28T10:31:30.865Z] PATCH /kamar/2 200 | 34 bytes - 8.601 ms
[2023-01-28T17:31:39.356] [INFO] PAKET_ROUTE - [PATCH] /kamar/2 Incoming request ...
[2023-01-28T10:31:39.359Z] PATCH /kamar/2 200 | 40 bytes - 3.649 ms
[2023-01-28T10:32:02.363Z] GET /kamar 401 | 36 bytes - 1.961 ms
[2023-01-28T17:32:02.362] [INFO] PAKET_ROUTE - [GET] /kamar Incoming request ...
[2023-01-28T17:32:07.835] [INFO] PAKET_ROUTE - [GET] /kamar Incoming request ...
[2023-01-28T10:32:07.915Z] GET /kamar 200 | 286 bytes - 80.572 ms
[2023-01-28T17:32:46.912] [INFO] PAKET_ROUTE - [GET] /kamar/1 Incoming request ...
[2023-01-28T10:33:00.125Z] GET /kamar/1 - | - bytes - - ms
[2023-01-28T17:34:36.738] [INFO] PAKET_ROUTE - [GET] /kamar/1 Incoming request ...
[2023-01-28T17:36:07.880] [INFO] PAKET_ROUTE - [GET] /kamar/1 Incoming request ...
[2023-01-28T10:36:15.718Z] GET /kamar/1 - | - bytes - - ms
[2023-01-28T17:37:31.190] [INFO] PAKET_ROUTE - [GET] /kamar/1 Incoming request ...
[2023-01-28T10:37:43.932Z] GET /kamar/1 - | - bytes - - ms
[2023-01-28T17:37:45.611] [INFO] PAKET_ROUTE - [GET] /kamar/ Incoming request ...
[2023-01-28T10:37:45.691Z] GET /kamar/ 200 | 286 bytes - 78.353 ms
[2023-01-28T10:38:09.860Z] GET /user/1 401 | 36 bytes - 1.642 ms
[2023-01-28T17:38:09.857] [INFO] USER_ROUTE - [GET] /user/1 Incoming request ...
[2023-01-28T17:38:19.060] [INFO] USER_ROUTE - [GET] /user/ Incoming request ...
[2023-01-28T10:38:19.071Z] GET /user/ 200 | 527 bytes - 11.350 ms
[2023-01-28T17:38:24.117] [INFO] USER_ROUTE - [GET] /user/1 Incoming request ...
[2023-01-28T10:38:24.124Z] GET /user/1 200 | 197 bytes - 6.779 ms
[2023-01-28T10:38:42.781Z] GET /tipe 403 | 33 bytes - 1.550 ms
[2023-01-28T17:38:42.779] [INFO] TIPE_ROUTE - [GET] /tipe Incoming request ...
[2023-01-28T10:39:04.489Z] GET /tipe 403 | 33 bytes - 1.315 ms
[2023-01-28T17:39:04.488] [INFO] TIPE_ROUTE - [GET] /tipe Incoming request ...
[2023-01-28T10:39:09.157Z] GET /tipe 403 | 33 bytes - 2.518 ms
[2023-01-28T17:39:09.155] [INFO] TIPE_ROUTE - [GET] /tipe Incoming request ...
[2023-01-28T17:39:16.175] [INFO] TIPE_ROUTE - [GET] /tipe Incoming request ...
[2023-01-28T10:39:16.184Z] GET /tipe 200 | 916 bytes - 9.043 ms
[2023-01-28T17:39:27.029] [INFO] TIPE_ROUTE - [GET] /tipe/1 Incoming request ...
[2023-01-28T10:39:27.035Z] GET /tipe/1 200 | 282 bytes - 6.345 ms
[2023-01-28T17:40:06.847] [INFO] TIPE_ROUTE - [GET] /tipe/1 Incoming request ...
[2023-01-28T10:40:06.916Z] GET /tipe/1 200 | 282 bytes - 68.092 ms
[2023-01-28T17:40:20.265] [INFO] PAKET_ROUTE - [GET] /kamar/1 Incoming request ...
[2023-01-28T10:40:21.696Z] GET /kamar/1 - | - bytes - - ms
[2023-01-28T17:42:24.459] [INFO] PAKET_ROUTE - [GET] /kamar/1 Incoming request ...
[2023-01-28T10:42:47.524Z] GET /kamar/1 - | - bytes - - ms
[2023-01-28T17:43:17.561] [INFO] PAKET_ROUTE - [GET] /kamar/1 Incoming request ...
[2023-01-28T10:43:17.644Z] GET /kamar/1 200 | 110 bytes - 80.954 ms
[2023-01-28T17:44:54.608] [INFO] PAKET_ROUTE - [GET] /kamar/1 Incoming request ...
[2023-01-28T10:44:54.676Z] GET /kamar/1 200 | 110 bytes - 67.216 ms
[2023-01-28T17:48:49.097] [INFO] PAKET_ROUTE - [GET] /kamar/1 Incoming request ...
[2023-01-28T10:48:49.177Z] GET /kamar/1 200 | 110 bytes - 77.551 ms
[2023-01-28T17:50:43.991] [INFO] PAKET_ROUTE - [GET] /kamar/1 Incoming request ...
[2023-01-28T17:50:51.567] [INFO] PAKET_ROUTE - [GET] /kamar/1 Incoming request ...
[2023-01-28T10:50:51.650Z] GET /kamar/1 200 | 110 bytes - 79.584 ms
[2023-01-28T17:51:20.235] [INFO] PAKET_ROUTE - [GET] /kamar/1 Incoming request ...
[2023-01-28T10:51:20.304Z] GET /kamar/1 200 | 110 bytes - 69.915 ms
