[2023-02-05T09:17:23.794] [INFO] PEMESANAN_ROUTE - [POST] /pemesanan Incoming request ...
[2023-02-05T02:17:30.334Z] POST /pemesanan - | - bytes - - ms
[2023-02-05T09:17:38.919] [INFO] PEMESANAN_ROUTE - [POST] /pemesanan Incoming request ...
[2023-02-05T09:18:08.146] [INFO] PEMESANAN_ROUTE - [POST] /pemesanan Incoming request ...
[2023-02-05T02:19:30.077Z] POST /pemesanan - | - bytes - - ms
[2023-02-05T02:20:47.105Z] POST /pemesanan 403 | 33 bytes - 21.921 ms
[2023-02-05T09:20:47.089] [INFO] PEMESANAN_ROUTE - [POST] /pemesanan Incoming request ...
[2023-02-05T02:21:58.807Z] POST /pemesanan 403 | 33 bytes - 1.732 ms
[2023-02-05T09:21:58.806] [INFO] PEMESANAN_ROUTE - [POST] /pemesanan Incoming request ...
[2023-02-05T02:22:03.807Z] POST /pemesanan 403 | 33 bytes - 1.366 ms
[2023-02-05T09:22:03.806] [INFO] PEMESANAN_ROUTE - [POST] /pemesanan Incoming request ...
[2023-02-05T02:22:43.170Z] POST /pemesanan 403 | 33 bytes - 23.952 ms
[2023-02-05T09:22:43.161] [INFO] PEMESANAN_ROUTE - [POST] /pemesanan Incoming request ...
[2023-02-05T09:22:54.913] [INFO] PEMESANAN_ROUTE - [POST] /pemesanan Incoming request ...
[2023-02-05T02:22:57.386Z] POST /pemesanan - | - bytes - - ms
[2023-02-05T09:29:43.596] [INFO] PEMESANAN_ROUTE - [POST] /pemesanan Incoming request ...
[2023-02-05T02:29:52.435Z] POST /pemesanan - | - bytes - - ms
[2023-02-05T02:31:24.112Z] POST /pemesanan 403 | 33 bytes - 19.044 ms
[2023-02-05T09:31:24.104] [INFO] PEMESANAN_ROUTE - [POST] /pemesanan Incoming request ...
[2023-02-05T02:31:44.792Z] POST /pemesanan 403 | 33 bytes - 16.523 ms
[2023-02-05T09:31:44.785] [INFO] PEMESANAN_ROUTE - [POST] /pemesanan Incoming request ...
[2023-02-05T02:34:57.800Z] POST /pemesanan 403 | 33 bytes - 15.605 ms
[2023-02-05T09:34:57.791] [INFO] PEMESANAN_ROUTE - [POST] /pemesanan Incoming request ...
[2023-02-05T09:49:54.750] [INFO] USER_ROUTE - [POST] /user Incoming request ...
[2023-02-05T02:49:54.863Z] POST /user 200 | 267 bytes - 111.236 ms
[2023-02-05T02:50:40.471Z] POST /login 200 | 505 bytes - 34.090 ms
[2023-02-05T02:51:02.080Z] POST /pemesanan 500 | 12 bytes - 1.986 ms
[2023-02-05T09:51:02.079] [INFO] PEMESANAN_ROUTE - [POST] /pemesanan Incoming request ...
[2023-02-05T09:51:15.901] [INFO] PEMESANAN_ROUTE - [POST] /pemesanan Incoming request ...
[2023-02-05T02:51:31.756Z] POST /pemesanan - | - bytes - - ms
[2023-02-05T02:51:33.155Z] POST /pemesanan 500 | 12 bytes - 2.626 ms
[2023-02-05T09:51:33.152] [INFO] PEMESANAN_ROUTE - [POST] /pemesanan Incoming request ...
[2023-02-05T02:52:19.403Z] POST /pemesanan 500 | 12 bytes - 30.762 ms
[2023-02-05T09:52:19.389] [INFO] PEMESANAN_ROUTE - [POST] /pemesanan Incoming request ...
[2023-02-05T02:54:41.065Z] POST /pemesanan 500 | 12 bytes - 3.641 ms
[2023-02-05T09:54:41.061] [INFO] PEMESANAN_ROUTE - [POST] /pemesanan Incoming request ...
[2023-02-05T09:55:23.908] [INFO] USER_ROUTE - [PATCH] /user/2 Incoming request ...
[2023-02-05T02:55:23.911Z] PATCH /user/2 500 | 12 bytes - 2.272 ms
[2023-02-05T09:55:40.511] [INFO] USER_ROUTE - [PATCH] /user/2 Incoming request ...
[2023-02-05T02:55:40.690Z] PATCH /user/2 200 | 34 bytes - 179.054 ms
[2023-02-05T09:57:15.588] [INFO] USER_ROUTE - [POST] /user Incoming request ...
[2023-02-05T02:57:15.590Z] POST /user 500 | 12 bytes - 1.661 ms
[2023-02-05T10:01:19.916] [INFO] USER_ROUTE - [POST] /user Incoming request ...
[2023-02-05T03:01:19.929Z] POST /user 500 | 12 bytes - 10.267 ms
[2023-02-05T10:06:28.468] [INFO] USER_ROUTE - [POST] /user Incoming request ...
[2023-02-05T03:06:28.470Z] POST /user 500 | 12 bytes - 2.377 ms
[2023-02-05T11:25:01.650] [INFO] USER_ROUTE - [POST] /user Incoming request ...
[2023-02-05T04:25:01.660Z] POST /user 500 | 12 bytes - 9.994 ms
[2023-02-05T11:25:33.752] [INFO] USER_ROUTE - [POST] /user Incoming request ...
[2023-02-05T04:25:33.762Z] POST /user 500 | 12 bytes - 10.321 ms
[2023-02-05T11:25:35.271] [INFO] USER_ROUTE - [POST] /user Incoming request ...
[2023-02-05T04:25:35.274Z] POST /user 500 | 12 bytes - 3.558 ms
[2023-02-05T04:28:38.228Z] POST /login 200 | 492 bytes - 584.903 ms
[2023-02-05T11:29:07.039] [INFO] USER_ROUTE - [POST] /user Incoming request ...
[2023-02-05T04:29:07.138Z] POST /user 200 | 37 bytes - 98.806 ms
[2023-02-05T04:30:24.450Z] POST /login 200 | 505 bytes - 30.478 ms
[2023-02-05T04:30:45.197Z] POST /pemesanan 500 | 12 bytes - 3.287 ms
[2023-02-05T11:30:45.194] [INFO] PEMESANAN_ROUTE - [POST] /pemesanan Incoming request ...
[2023-02-05T11:30:53.164] [INFO] USER_ROUTE - [POST] /user Incoming request ...
[2023-02-05T04:30:53.236Z] POST /user 500 | 12 bytes - 72.715 ms
[2023-02-05T04:31:34.154Z] POST /pemesanan 500 | 12 bytes - 16.303 ms
[2023-02-05T11:31:34.143] [INFO] PEMESANAN_ROUTE - [POST] /pemesanan Incoming request ...
[2023-02-05T04:31:35.293Z] POST /pemesanan 500 | 12 bytes - 1.760 ms
[2023-02-05T11:31:35.291] [INFO] PEMESANAN_ROUTE - [POST] /pemesanan Incoming request ...
[2023-02-05T04:31:36.666Z] POST /pemesanan 500 | 12 bytes - 1.593 ms
[2023-02-05T11:31:36.663] [INFO] PEMESANAN_ROUTE - [POST] /pemesanan Incoming request ...
[2023-02-05T04:31:37.617Z] POST /pemesanan 500 | 12 bytes - 1.142 ms
[2023-02-05T11:31:37.616] [INFO] PEMESANAN_ROUTE - [POST] /pemesanan Incoming request ...
[2023-02-05T04:32:36.036Z] POST /pemesanan 500 | 12 bytes - 25.121 ms
[2023-02-05T11:32:36.023] [INFO] PEMESANAN_ROUTE - [POST] /pemesanan Incoming request ...
[2023-02-05T04:32:37.460Z] POST /pemesanan 500 | 12 bytes - 1.698 ms
[2023-02-05T11:32:37.459] [INFO] PEMESANAN_ROUTE - [POST] /pemesanan Incoming request ...
[2023-02-05T04:33:45.205Z] POST /pemesanan 401 | 36 bytes - 1.874 ms
[2023-02-05T11:33:45.203] [INFO] PEMESANAN_ROUTE - [POST] /pemesanan Incoming request ...
[2023-02-05T04:33:54.306Z] POST /pemesanan 500 | 12 bytes - 1.889 ms
[2023-02-05T11:33:54.305] [INFO] PEMESANAN_ROUTE - [POST] /pemesanan Incoming request ...
[2023-02-05T04:34:56.324Z] POST /pemesanan 500 | 12 bytes - 20.331 ms
[2023-02-05T11:34:56.310] [INFO] PEMESANAN_ROUTE - [POST] /pemesanan Incoming request ...
[2023-02-05T04:35:14.397Z] POST /pemesanan 500 | 12 bytes - 18.094 ms
[2023-02-05T11:35:14.386] [INFO] PEMESANAN_ROUTE - [POST] /pemesanan Incoming request ...
[2023-02-05T04:35:25.637Z] POST /pemesanan 500 | 12 bytes - 19.177 ms
[2023-02-05T11:35:25.624] [INFO] PEMESANAN_ROUTE - [POST] /pemesanan Incoming request ...
[2023-02-05T04:35:57.862Z] POST /pemesanan 500 | 12 bytes - 29.282 ms
[2023-02-05T11:35:57.848] [INFO] PEMESANAN_ROUTE - [POST] /pemesanan Incoming request ...
[2023-02-05T04:36:01.167Z] POST /pemesanan 500 | 12 bytes - 1.704 ms
[2023-02-05T11:36:01.166] [INFO] PEMESANAN_ROUTE - [POST] /pemesanan Incoming request ...
[2023-02-05T04:36:06.718Z] POST /pemesanan 500 | 12 bytes - 1.679 ms
[2023-02-05T11:36:06.717] [INFO] PEMESANAN_ROUTE - [POST] /pemesanan Incoming request ...
[2023-02-05T04:37:13.398Z] POST /pemesanan 500 | 12 bytes - 18.256 ms
[2023-02-05T11:37:13.388] [INFO] PEMESANAN_ROUTE - [POST] /pemesanan Incoming request ...
[2023-02-05T04:37:46.508Z] POST /pemesanan 500 | 12 bytes - 26.852 ms
[2023-02-05T11:37:46.492] [INFO] PEMESANAN_ROUTE - [POST] /pemesanan Incoming request ...
[2023-02-05T04:37:59.881Z] POST /pemesanan 500 | 12 bytes - 20.716 ms
[2023-02-05T11:37:59.870] [INFO] PEMESANAN_ROUTE - [POST] /pemesanan Incoming request ...
[2023-02-05T04:38:13.282Z] POST /pemesanan 500 | 12 bytes - 19.280 ms
[2023-02-05T11:38:13.270] [INFO] PEMESANAN_ROUTE - [POST] /pemesanan Incoming request ...
[2023-02-05T04:38:54.099Z] POST /pemesanan 500 | 12 bytes - 20.013 ms
[2023-02-05T11:38:54.086] [INFO] PEMESANAN_ROUTE - [POST] /pemesanan Incoming request ...
[2023-02-05T04:39:17.963Z] POST /pemesanan 500 | 12 bytes - 45.454 ms
[2023-02-05T11:39:17.942] [INFO] PEMESANAN_ROUTE - [POST] /pemesanan Incoming request ...
[2023-02-05T04:39:28.185Z] POST /pemesanan 500 | 12 bytes - 20.169 ms
[2023-02-05T11:39:28.171] [INFO] PEMESANAN_ROUTE - [POST] /pemesanan Incoming request ...
[2023-02-05T04:41:21.595Z] POST /pemesanan 500 | 12 bytes - 22.852 ms
[2023-02-05T11:41:21.585] [INFO] PEMESANAN_ROUTE - [POST] /pemesanan Incoming request ...
[2023-02-05T04:41:27.053Z] POST /pemesanan 403 | 36 bytes - 1.182 ms
[2023-02-05T11:41:27.048] [INFO] PEMESANAN_ROUTE - [POST] /pemesanan Incoming request ...
[2023-02-05T04:41:44.866Z] POST /pemesanan 403 | 33 bytes - 16.931 ms
[2023-02-05T11:41:44.858] [INFO] PEMESANAN_ROUTE - [POST] /pemesanan Incoming request ...
[2023-02-05T11:42:21.512] [INFO] PEMESANAN_ROUTE - [POST] /pemesanan Incoming request ...
[2023-02-05T04:42:23.688Z] POST /pemesanan - | - bytes - - ms
[2023-02-05T11:43:18.163] [INFO] PEMESANAN_ROUTE - [POST] /pemesanan Incoming request ...
[2023-02-05T04:43:21.918Z] POST /pemesanan - | - bytes - - ms
[2023-02-05T04:43:25.719Z] POST /pemesanan 500 | 12 bytes - 6.517 ms
[2023-02-05T11:43:25.712] [INFO] PEMESANAN_ROUTE - [POST] /pemesanan Incoming request ...
[2023-02-05T04:43:46.973Z] GET /pemesanan 500 | 12 bytes - 3.778 ms
[2023-02-05T11:43:46.970] [INFO] PEMESANAN_ROUTE - [GET] /pemesanan Incoming request ...
[2023-02-05T04:44:09.906Z] GET /admin/user/ 404 | 33 bytes - 0.840 ms
[2023-02-05T11:44:17.257] [INFO] USER_ROUTE - [GET] /user/ Incoming request ...
[2023-02-05T04:44:17.271Z] GET /user/ 200 | 597 bytes - 14.304 ms
[2023-02-05T11:44:27.601] [INFO] USER_ROUTE - [GET] /user/ Incoming request ...
[2023-02-05T04:44:27.603Z] GET /user/ 500 | 12 bytes - 2.010 ms
[2023-02-05T11:45:19.164] [INFO] USER_ROUTE - [GET] /user/ Incoming request ...
[2023-02-05T04:45:19.184Z] GET /user/ 500 | 12 bytes - 20.081 ms
[2023-02-05T11:49:55.392] [INFO] USER_ROUTE - [GET] /user/ Incoming request ...
[2023-02-05T04:49:55.395Z] GET /user/ 403 | 33 bytes - 2.968 ms
[2023-02-05T11:50:49.203] [INFO] USER_ROUTE - [GET] /user/ Incoming request ...
[2023-02-05T04:50:49.218Z] GET /user/ 500 | 12 bytes - 13.115 ms
[2023-02-05T11:52:17.321] [INFO] USER_ROUTE - [GET] /user/ Incoming request ...
[2023-02-05T04:52:17.336Z] GET /user/ 403 | 33 bytes - 13.969 ms
[2023-02-05T11:52:46.927] [INFO] USER_ROUTE - [GET] /user/ Incoming request ...
[2023-02-05T04:52:46.993Z] GET /user/ 200 | 597 bytes - 65.306 ms
[2023-02-05T11:54:16.073] [INFO] USER_ROUTE - [GET] /user/ Incoming request ...
[2023-02-05T04:54:16.145Z] GET /user/ 200 | 597 bytes - 72.909 ms
[2023-02-05T04:54:33.858Z] POST /pemesanan 403 | 33 bytes - 12.683 ms
[2023-02-05T11:54:33.853] [INFO] PEMESANAN_ROUTE - [POST] /pemesanan Incoming request ...
[2023-02-05T05:09:41.264Z] POST /pemesanan 403 | 33 bytes - 1.638 ms
[2023-02-05T12:09:41.263] [INFO] PEMESANAN_ROUTE - [POST] /pemesanan Incoming request ...
[2023-02-05T12:09:44.628] [INFO] PEMESANAN_ROUTE - [POST] /pemesanan Incoming request ...
[2023-02-05T05:09:46.995Z] POST /pemesanan - | - bytes - - ms
[2023-02-05T05:10:47.978Z] POST /pemesanan 403 | 33 bytes - 16.253 ms
[2023-02-05T12:10:47.970] [INFO] PEMESANAN_ROUTE - [POST] /pemesanan Incoming request ...
[2023-02-05T12:11:41.540] [INFO] PEMESANAN_ROUTE - [POST] /pemesanan Incoming request ...
[2023-02-05T05:11:47.656Z] POST /pemesanan - | - bytes - - ms
[2023-02-05T12:16:01.194] [INFO] PEMESANAN_ROUTE - [POST] /pemesanan Incoming request ...
[2023-02-05T12:16:43.173] [INFO] PEMESANAN_ROUTE - [POST] /pemesanan Incoming request ...
[2023-02-05T05:16:59.683Z] POST /pemesanan - | - bytes - - ms
[2023-02-05T12:17:01.634] [INFO] PEMESANAN_ROUTE - [POST] /pemesanan Incoming request ...
[2023-02-05T12:17:17.524] [INFO] PEMESANAN_ROUTE - [POST] /pemesanan Incoming request ...
[2023-02-05T12:17:50.721] [INFO] PEMESANAN_ROUTE - [POST] /pemesanan Incoming request ...
[2023-02-05T05:18:59.632Z] POST /pemesanan - | - bytes - - ms
[2023-02-05T12:19:01.045] [INFO] PEMESANAN_ROUTE - [POST] /pemesanan Incoming request ...
[2023-02-05T05:19:06.895Z] POST /pemesanan - | - bytes - - ms
[2023-02-05T12:19:50.298] [INFO] PEMESANAN_ROUTE - [POST] /pemesanan Incoming request ...
[2023-02-05T12:21:47.285] [INFO] PEMESANAN_ROUTE - [POST] /pemesanan Incoming request ...
[2023-02-05T12:24:17.830] [INFO] PEMESANAN_ROUTE - [POST] /pemesanan Incoming request ...
[2023-02-05T05:24:17.896Z] POST /pemesanan 404 | 33 bytes - 75.240 ms
[2023-02-05T12:24:35.520] [INFO] PEMESANAN_ROUTE - [POST] /pemesanan Incoming request ...
[2023-02-05T05:24:35.540Z] POST /pemesanan 404 | 33 bytes - 21.240 ms
[2023-02-05T12:25:21.684] [INFO] PEMESANAN_ROUTE - [POST] /pemesanan Incoming request ...
[2023-02-05T05:25:21.755Z] POST /pemesanan 200 | 17 bytes - 75.630 ms
[2023-02-05T12:35:39.237] [INFO] PEMESANAN_ROUTE - [POST] /pemesanan Incoming request ...
[2023-02-05T05:36:22.375Z] POST /pemesanan - | - bytes - - ms
[2023-02-05T12:39:53.231] [INFO] PEMESANAN_ROUTE - [POST] /pemesanan Incoming request ...
[2023-02-05T05:39:53.242Z] POST /pemesanan 200 | 89 bytes - 9.310 ms
[2023-02-05T12:40:42.793] [INFO] PEMESANAN_ROUTE - [POST] /pemesanan Incoming request ...
[2023-02-05T05:40:42.968Z] POST /pemesanan 200 | 79 bytes - 334.164 ms
[2023-02-05T12:41:02.490] [INFO] PEMESANAN_ROUTE - [POST] /pemesanan Incoming request ...
[2023-02-05T05:41:02.553Z] POST /pemesanan 200 | 81 bytes - 76.381 ms
[2023-02-05T12:44:32.526] [INFO] PEMESANAN_ROUTE - [POST] /pemesanan Incoming request ...
[2023-02-05T05:47:58.132Z] POST /pemesanan - | - bytes - - ms
[2023-02-05T12:49:10.397] [INFO] PEMESANAN_ROUTE - [POST] /pemesanan Incoming request ...
[2023-02-05T05:49:10.549Z] POST /pemesanan 200 | 199 bytes - 234.333 ms
[2023-02-05T12:49:55.749] [INFO] PEMESANAN_ROUTE - [POST] /pemesanan Incoming request ...
[2023-02-05T05:49:55.842Z] POST /pemesanan 200 | 81 bytes - 105.150 ms
[2023-02-05T12:50:03.563] [INFO] PEMESANAN_ROUTE - [POST] /pemesanan Incoming request ...
[2023-02-05T05:50:03.690Z] POST /pemesanan 200 | 179 bytes - 126.900 ms
