[2023-02-14T10:37:47.099] [INFO] USER_ROUTE - [PATCH] /user/4 Incoming request ...
[2023-02-14T03:37:52.617Z] PATCH /user/4 200 | 34 bytes - 5517.718 ms
[2023-02-14T10:39:53.621] [INFO] USER_ROUTE - [PATCH] /user/4 Incoming request ...
[2023-02-14T03:39:55.531Z] PATCH /user/4 200 | 34 bytes - 1909.643 ms
[2023-02-14T10:41:08.885] [INFO] USER_ROUTE - [PATCH] /user/4 Incoming request ...
[2023-02-14T03:41:13.789Z] PATCH /user/4 200 | 34 bytes - 4904.039 ms
[2023-02-14T10:43:35.892] [INFO] USER_ROUTE - [PATCH] /user/4 Incoming request ...
[2023-02-14T03:43:40.889Z] PATCH /user/4 200 | 34 bytes - 4997.292 ms
[2023-02-14T10:44:06.506] [INFO] USER_ROUTE - [PATCH] /user/4 Incoming request ...
[2023-02-14T03:44:13.314Z] PATCH /user/4 200 | 34 bytes - 6808.176 ms
[2023-02-14T10:44:46.172] [INFO] USER_ROUTE - [PATCH] /user/4 Incoming request ...
[2023-02-14T03:44:51.875Z] PATCH /user/4 200 | 42 bytes - 5703.039 ms
[2023-02-14T10:46:17.392] [INFO] USER_ROUTE - [PATCH] /user/4 Incoming request ...
[2023-02-14T03:46:24.211Z] PATCH /user/4 200 | 42 bytes - 6819.052 ms
[2023-02-14T10:47:04.556] [INFO] USER_ROUTE - [PATCH] /user/4 Incoming request ...
[2023-02-14T03:47:08.499Z] PATCH /user/4 200 | 34 bytes - 3943.270 ms
[2023-02-14T10:53:39.569] [INFO] USER_ROUTE - [PATCH] /user/4 Incoming request ...
[2023-02-14T03:53:46.874Z] PATCH /user/4 200 | 34 bytes - 7306.791 ms
[2023-02-14T12:50:27.368] [INFO] USER_ROUTE - [PATCH] /user/4 Incoming request ...
[2023-02-14T05:50:38.647Z] PATCH /user/4 - | - bytes - - ms
[2023-02-14T12:50:40.561] [INFO] USER_ROUTE - [PATCH] /user/4 Incoming request ...
[2023-02-14T05:50:47.843Z] PATCH /user/4 - | - bytes - - ms
[2023-02-14T13:42:29.781] [INFO] USER_ROUTE - [PATCH] /user/4 Incoming request ...
[2023-02-14T06:42:33.808Z] PATCH /user/4 200 | 34 bytes - 4025.851 ms
[2023-02-14T13:47:01.834] [INFO] USER_ROUTE - [PATCH] /user/4 Incoming request ...
[2023-02-14T06:47:05.760Z] PATCH /user/4 200 | 34 bytes - 3925.800 ms
[2023-02-14T13:50:04.799] [INFO] USER_ROUTE - [PATCH] /user/4 Incoming request ...
[2023-02-14T06:50:08.062Z] PATCH /user/4 200 | 34 bytes - 3264.158 ms
[2023-02-14T13:50:17.960] [INFO] USER_ROUTE - [PATCH] /user/4 Incoming request ...
[2023-02-14T06:50:18.726Z] PATCH /user/4 200 | 34 bytes - 766.142 ms
[2023-02-14T13:56:29.117] [INFO] USER_ROUTE - [POST] /user Incoming request ...
[2023-02-14T06:56:31.792Z] POST /user 200 | 274 bytes - 2675.047 ms
[2023-02-14T14:01:09.774] [INFO] USER_ROUTE - [POST] /user Incoming request ...
[2023-02-14T07:01:11.540Z] POST /user 200 | 274 bytes - 1765.426 ms
[2023-02-14T14:02:57.415] [INFO] USER_ROUTE - [POST] /user Incoming request ...
[2023-02-14T07:02:59.474Z] POST /user 200 | 274 bytes - 2058.445 ms
[2023-02-14T14:03:21.080] [INFO] USER_ROUTE - [POST] /user Incoming request ...
[2023-02-14T07:03:22.740Z] POST /user 200 | 37 bytes - 1659.869 ms
[2023-02-14T14:03:31.155] [INFO] USER_ROUTE - [POST] /user Incoming request ...
[2023-02-14T07:03:31.986Z] POST /user 200 | 274 bytes - 830.766 ms
