[2023-02-13T00:09:59.075] [INFO] TIPE_ROUTE - [POST] /tipe Incoming request ...
[2023-02-12T17:10:02.976Z] POST /tipe 200 | 279 bytes - 3898.937 ms
[2023-02-13T00:11:52.633] [INFO] TIPE_ROUTE - [POST] /tipe Incoming request ...
[2023-02-12T17:11:55.340Z] POST /tipe 200 | 33 bytes - 2703.563 ms
[2023-02-13T00:12:02.384] [INFO] TIPE_ROUTE - [POST] /tipe Incoming request ...
[2023-02-12T17:12:23.113Z] POST /tipe - | - bytes - - ms
[2023-02-13T00:12:54.144] [INFO] TIPE_ROUTE - [POST] /tipe Incoming request ...
[2023-02-13T00:15:22.667] [INFO] TIPE_ROUTE - [POST] /tipe Incoming request ...
[2023-02-13T00:15:46.552] [INFO] TIPE_ROUTE - [POST] /tipe Incoming request ...
[2023-02-13T00:16:41.632] [INFO] TIPE_ROUTE - [POST] /tipe Incoming request ...
[2023-02-12T17:16:53.322Z] POST /tipe - | - bytes - - ms
[2023-02-13T08:32:33.860] [INFO] TIPE_ROUTE - [POST] /tipe Incoming request ...
[2023-02-13T01:32:56.209Z] POST /tipe - | - bytes - - ms
[2023-02-13T08:33:58.607] [INFO] TIPE_ROUTE - [POST] /tipe Incoming request ...
[2023-02-13T08:34:41.548] [INFO] TIPE_ROUTE - [POST] /tipe Incoming request ...
[2023-02-13T01:34:56.903Z] POST /tipe - | - bytes - - ms
[2023-02-13T08:34:58.971] [INFO] TIPE_ROUTE - [POST] /tipe Incoming request ...
[2023-02-13T01:35:16.079Z] POST /tipe - | - bytes - - ms
[2023-02-13T08:35:19.981] [INFO] TIPE_ROUTE - [POST] /tipe Incoming request ...
[2023-02-13T08:36:44.276] [INFO] TIPE_ROUTE - [POST] /tipe Incoming request ...
[2023-02-13T01:36:59.656Z] POST /tipe - | - bytes - - ms
[2023-02-13T08:37:02.225] [INFO] TIPE_ROUTE - [POST] /tipe Incoming request ...
[2023-02-13T01:37:15.963Z] POST /tipe - | - bytes - - ms
[2023-02-13T08:37:18.457] [INFO] TIPE_ROUTE - [POST] /tipe Incoming request ...
[2023-02-13T01:37:38.601Z] POST /tipe - | - bytes - - ms
[2023-02-13T08:38:24.977] [INFO] TIPE_ROUTE - [POST] /tipe Incoming request ...
[2023-02-13T08:46:46.039] [INFO] TIPE_ROUTE - [POST] /tipe Incoming request ...
[2023-02-13T08:47:12.744] [INFO] TIPE_ROUTE - [POST] /tipe Incoming request ...
[2023-02-13T08:51:40.614] [INFO] TIPE_ROUTE - [POST] /tipe Incoming request ...
[2023-02-13T08:53:26.418] [INFO] TIPE_ROUTE - [POST] /tipe Incoming request ...
[2023-02-13T08:54:35.259] [INFO] TIPE_ROUTE - [POST] /tipe Incoming request ...
[2023-02-13T09:08:14.533] [INFO] TIPE_ROUTE - [POST] /tipe Incoming request ...
[2023-02-13T02:08:14.600Z] POST /tipe 500 | 30 bytes - 63.653 ms
[2023-02-13T09:12:43.332] [INFO] TIPE_ROUTE - [POST] /tipe Incoming request ...
[2023-02-13T02:12:43.407Z] POST /tipe 500 | 30 bytes - 71.670 ms
[2023-02-13T09:13:08.053] [INFO] TIPE_ROUTE - [POST] /tipe Incoming request ...
[2023-02-13T02:13:08.132Z] POST /tipe 500 | 30 bytes - 74.078 ms
[2023-02-13T09:24:32.541] [INFO] TIPE_ROUTE - [POST] /tipe Incoming request ...
[2023-02-13T02:24:36.130Z] POST /tipe 200 | 33 bytes - 3589.135 ms
[2023-02-13T09:25:33.342] [INFO] TIPE_ROUTE - [POST] /tipe Incoming request ...
[2023-02-13T02:25:36.901Z] POST /tipe 200 | 33 bytes - 3556.169 ms
[2023-02-13T09:33:36.046] [INFO] TIPE_ROUTE - [POST] /tipe Incoming request ...
[2023-02-13T02:33:39.290Z] POST /tipe 200 | 33 bytes - 3242.740 ms
[2023-02-13T09:34:44.056] [INFO] TIPE_ROUTE - [POST] /tipe Incoming request ...
[2023-02-13T02:34:47.424Z] POST /tipe - | - bytes - - ms
[2023-02-13T09:36:35.497] [INFO] TIPE_ROUTE - [POST] /tipe Incoming request ...
[2023-02-13T02:36:39.419Z] POST /tipe 200 | 33 bytes - 3923.966 ms
[2023-02-13T09:37:19.258] [INFO] TIPE_ROUTE - [POST] /tipe Incoming request ...
[2023-02-13T02:37:22.732Z] POST /tipe 200 | 33 bytes - 3473.893 ms
[2023-02-13T09:37:56.130] [INFO] TIPE_ROUTE - [POST] /tipe Incoming request ...
[2023-02-13T02:37:59.601Z] POST /tipe 200 | 33 bytes - 3469.057 ms
[2023-02-13T09:46:48.798] [INFO] TIPE_ROUTE - [POST] /tipe Incoming request ...
[2023-02-13T02:46:51.796Z] POST /tipe 200 | 33 bytes - 2998.242 ms
[2023-02-13T10:12:17.329] [INFO] TIPE_ROUTE - [POST] /tipe Incoming request ...
[2023-02-13T10:17:58.487] [INFO] TIPE_ROUTE - [POST] /tipe Incoming request ...
[2023-02-13T10:20:36.197] [INFO] TIPE_ROUTE - [POST] /tipe Incoming request ...
[2023-02-13T03:20:53.001Z] POST /tipe - | - bytes - - ms
[2023-02-13T10:21:31.627] [INFO] TIPE_ROUTE - [POST] /tipe Incoming request ...
[2023-02-13T12:44:02.950] [INFO] TIPE_ROUTE - [POST] /tipe Incoming request ...
[2023-02-13T12:44:55.967] [INFO] TIPE_ROUTE - [POST] /tipe Incoming request ...
[2023-02-13T05:45:00.052Z] POST /tipe 200 | 33 bytes - 4082.607 ms
[2023-02-13T12:47:13.538] [INFO] TIPE_ROUTE - [POST] /tipe Incoming request ...
[2023-02-13T05:47:18.415Z] POST /tipe 200 | 289 bytes - 4880.219 ms
[2023-02-13T13:00:34.831] [INFO] TIPE_ROUTE - [POST] /tipe Incoming request ...
[2023-02-13T13:01:27.245] [INFO] TIPE_ROUTE - [POST] /tipe Incoming request ...
[2023-02-13T06:01:31.619Z] POST /tipe 200 | 289 bytes - 4372.427 ms
[2023-02-13T13:03:15.091] [INFO] TIPE_ROUTE - [POST] /tipe Incoming request ...
[2023-02-13T06:03:19.248Z] POST /tipe 200 | 33 bytes - 4158.714 ms
[2023-02-13T13:03:24.535] [INFO] TIPE_ROUTE - [POST] /tipe Incoming request ...
[2023-02-13T06:03:26.093Z] POST /tipe 200 | 289 bytes - 1558.183 ms
[2023-02-13T13:04:01.903] [INFO] TIPE_ROUTE - [POST] /tipe Incoming request ...
[2023-02-13T06:04:06.499Z] POST /tipe 200 | 289 bytes - 4598.522 ms
[2023-02-13T19:46:31.094] [INFO] TIPE_ROUTE - [POST] /tipe Incoming request ...
[2023-02-13T12:46:46.055Z] POST /tipe - | - bytes - - ms
[2023-02-13T20:06:54.755] [INFO] TIPE_ROUTE - [POST] /tipe Incoming request ...
[2023-02-13T13:07:17.175Z] POST /tipe - | - bytes - - ms
[2023-02-13T20:49:14.960] [INFO] TIPE_ROUTE - [POST] /tipe Incoming request ...
[2023-02-13T14:07:16.049Z] POST /user 403 | 33 bytes - 11.756 ms
[2023-02-13T21:07:16.036] [INFO] USER_ROUTE - [POST] /user Incoming request ...
[2023-02-13T14:08:55.770Z] POST /login 200 | 505 bytes - 5443.042 ms
[2023-02-13T21:09:18.204] [INFO] USER_ROUTE - [POST] /user Incoming request ...
[2023-02-13T14:09:18.226Z] POST /user 403 | 33 bytes - 22.058 ms
[2023-02-13T14:10:01.876Z] POST /login 200 | 492 bytes - 1448.524 ms
[2023-02-13T21:10:19.778] [INFO] USER_ROUTE - [POST] /user Incoming request ...
[2023-02-13T14:10:21.318Z] POST /user 200 | 273 bytes - 1539.774 ms
