[2023-01-30T14:26:58.275] [INFO] PAKET_ROUTE - [GET] /kamar/1 Incoming request ...
[2023-01-30T07:26:58.963Z] GET /kamar/1 200 | 110 bytes - 689.716 ms
[2023-01-30T14:29:16.293] [INFO] PAKET_ROUTE - [GET] /kamar/1 Incoming request ...
[2023-01-30T07:29:16.359Z] GET /kamar/1 200 | 110 bytes - 65.793 ms
[2023-01-30T14:40:16.181] [INFO] PAKET_ROUTE - [GET] /kamar/1 Incoming request ...
[2023-01-30T07:40:16.335Z] GET /kamar/1 200 | 110 bytes - 151.973 ms
[2023-01-30T14:42:23.423] [INFO] PAKET_ROUTE - [GET] /kamar/1 Incoming request ...
[2023-01-30T07:42:23.488Z] GET /kamar/1 200 | 110 bytes - 65.768 ms
[2023-01-30T14:44:44.653] [INFO] PAKET_ROUTE - [GET] /kamar/1 Incoming request ...
[2023-01-30T07:44:44.716Z] GET /kamar/1 200 | 110 bytes - 63.197 ms
[2023-01-30T14:46:15.608] [INFO] PAKET_ROUTE - [GET] /kamar/1 Incoming request ...
[2023-01-30T07:46:15.770Z] GET /kamar/1 200 | 400 bytes - 163.487 ms
[2023-01-30T14:47:38.972] [INFO] PAKET_ROUTE - [GET] /kamar/ Incoming request ...
[2023-01-30T07:47:39.055Z] GET /kamar/ 200 | 286 bytes - 83.339 ms
[2023-01-30T14:48:17.174] [INFO] PAKET_ROUTE - [GET] /kamar/ Incoming request ...
[2023-01-30T07:48:17.280Z] GET /kamar/ 200 | 286 bytes - 106.605 ms
[2023-01-30T14:50:24.887] [INFO] PAKET_ROUTE - [GET] /kamar/ Incoming request ...
[2023-01-30T07:50:24.989Z] GET /kamar/ 200 | 286 bytes - 99.274 ms
[2023-01-30T14:52:16.779] [INFO] PAKET_ROUTE - [GET] /kamar/?id_tipe=1 Incoming request ...
[2023-01-30T07:52:16.872Z] GET /kamar/?id_tipe=1 200 | 286 bytes - 89.847 ms
[2023-01-30T14:52:46.228] [INFO] PAKET_ROUTE - [GET] /kamar/?id_tipe=2 Incoming request ...
[2023-01-30T07:52:46.238Z] GET /kamar/?id_tipe=2 200 | 65 bytes - 12.120 ms
[2023-01-30T14:53:19.318] [INFO] PAKET_ROUTE - [GET] /kamar/?id=1 Incoming request ...
[2023-01-30T07:53:19.333Z] GET /kamar/?id=1 200 | 286 bytes - 14.115 ms
[2023-01-30T14:59:35.264] [INFO] PAKET_ROUTE - [GET] /kamar/1 Incoming request ...
[2023-01-30T07:59:35.285Z] GET /kamar/1 200 | 400 bytes - 22.515 ms
