[2023-02-09T09:36:53.338] [INFO] KAMAR_ROUTE - [GET] /kamar Incoming request ...
[2023-02-09T02:36:53.893Z] GET /kamar 200 | 286 bytes - 555.222 ms
[2023-02-09T02:37:37.732Z] GET / 404 | 33 bytes - 1.124 ms
[2023-02-09T02:37:37.786Z] GET /favicon.ico 404 | 33 bytes - 0.797 ms
[2023-02-09T09:37:44.632] [INFO] KAMAR_ROUTE - [GET] /kamar Incoming request ...
[2023-02-09T02:37:44.640Z] GET /kamar 200 | 286 bytes - 7.488 ms
[2023-02-09T02:51:27.735Z] GET /admin/kamar/ 404 | 33 bytes - 3.543 ms
[2023-02-09T09:51:40.377] [INFO] KAMAR_ROUTE - [GET] /kamar/ Incoming request ...
[2023-02-09T02:51:58.077Z] GET /kamar/ - | - bytes - - ms
[2023-02-09T09:52:09.736] [INFO] KAMAR_ROUTE - [GET] /kamar/ Incoming request ...
[2023-02-09T02:52:09.865Z] GET /kamar/ 200 | 540 bytes - 126.423 ms
[2023-02-09T09:52:39.294] [INFO] KAMAR_ROUTE - [GET] /kamar/ Incoming request ...
[2023-02-09T09:52:51.670] [INFO] KAMAR_ROUTE - [GET] /kamar/ Incoming request ...
[2023-02-09T02:52:51.767Z] GET /kamar/ 200 | 299 bytes - 95.088 ms
[2023-02-09T10:30:33.575] [INFO] KAMAR_ROUTE - [GET] /kamar Incoming request ...
[2023-02-09T03:30:34.088Z] GET /kamar 200 | 334 bytes - 515.666 ms
[2023-02-09T10:32:57.104] [INFO] KAMAR_ROUTE - [GET] /kamar Incoming request ...
[2023-02-09T03:32:57.181Z] GET /kamar 200 | 334 bytes - 76.855 ms
[2023-02-09T10:42:11.886] [INFO] KAMAR_ROUTE - [GET] /kamar Incoming request ...
[2023-02-09T03:42:11.898Z] GET /kamar 200 | 334 bytes - 11.483 ms
[2023-02-09T12:39:47.986] [INFO] KAMAR_ROUTE - [GET] /kamar Incoming request ...
[2023-02-09T05:39:48.168Z] GET /kamar 200 | 334 bytes - 182.121 ms
[2023-02-09T12:42:48.771] [INFO] KAMAR_ROUTE - [GET] /kamar/ Incoming request ...
[2023-02-09T05:42:48.813Z] GET /kamar/ 200 | 334 bytes - 42.880 ms
