[2023-03-04T17:24:37.358] [INFO] avail_ROUTE - [GET] /avail Incoming request ...
[2023-03-04T10:24:39.674Z] GET /avail - | - bytes - - ms
[2023-03-04T17:34:12.662] [INFO] avail_ROUTE - [GET] /avail Incoming request ...
[2023-03-04T17:36:24.073] [INFO] avail_ROUTE - [GET] /avail Incoming request ...
[2023-03-04T17:36:58.713] [INFO] avail_ROUTE - [GET] /avail Incoming request ...
[2023-03-04T17:37:11.803] [INFO] avail_ROUTE - [GET] /avail Incoming request ...
[2023-03-04T10:37:28.030Z] GET /avail - | - bytes - - ms
[2023-03-04T17:37:29.460] [INFO] avail_ROUTE - [GET] /avail Incoming request ...
[2023-03-04T17:39:55.202] [INFO] avail_ROUTE - [GET] /avail Incoming request ...
[2023-03-04T17:45:02.735] [INFO] avail_ROUTE - [GET] /avail Incoming request ...
[2023-03-04T18:02:55.352] [INFO] avail_ROUTE - [GET] /avail Incoming request ...
[2023-03-04T18:05:35.791] [INFO] avail_ROUTE - [GET] /avail Incoming request ...
[2023-03-04T18:12:43.892] [INFO] avail_ROUTE - [GET] /avail Incoming request ...
[2023-03-04T11:12:46.995Z] GET /avail 200 | 761 bytes - 3104.008 ms
[2023-03-04T21:59:14.583] [INFO] avail_ROUTE - [GET] /avail?id_tipe=1 Incoming request ...
[2023-03-04T14:59:17.590Z] GET /avail?id_tipe=1 200 | 761 bytes - 3024.447 ms
[2023-03-04T22:00:33.581] [INFO] avail_ROUTE - [GET] /avail?id_tipe=1 Incoming request ...
[2023-03-04T15:00:36.396Z] GET /avail?id_tipe=1 200 | 761 bytes - 2815.097 ms
[2023-03-04T22:01:46.410] [INFO] avail_ROUTE - [GET] /avail?id_tipe=1 Incoming request ...
[2023-03-04T15:01:50.512Z] GET /avail?id_tipe=1 200 | 761 bytes - 4102.706 ms
[2023-03-04T22:08:53.921] [INFO] avail_ROUTE - [GET] /avail?id_tipe=1 Incoming request ...
[2023-03-04T22:09:06.676] [INFO] avail_ROUTE - [GET] /avail?id_tipe=1 Incoming request ...
[2023-03-04T22:10:14.314] [INFO] avail_ROUTE - [GET] /avail?id_tipe=1 Incoming request ...
[2023-03-04T22:11:14.690] [INFO] avail_ROUTE - [GET] /avail?id_tipe=1 Incoming request ...
[2023-03-04T22:15:01.012] [INFO] avail_ROUTE - [GET] /avail?id_tipe=1 Incoming request ...
[2023-03-04T15:17:42.614Z] GET /avail?id_tipe=1 - | - bytes - - ms
[2023-03-04T22:20:25.601] [INFO] avail_ROUTE - [GET] /avail?id_tipe=1 Incoming request ...
[2023-03-04T15:20:28.974Z] GET /avail?id_tipe=1 200 | 1756 bytes - 3372.701 ms
[2023-03-04T22:21:38.594] [INFO] avail_ROUTE - [GET] /avail?id_tipe=1 Incoming request ...
[2023-03-04T15:21:42.187Z] GET /avail?id_tipe=1 200 | 789 bytes - 3593.469 ms
[2023-03-04T22:22:59.728] [INFO] avail_ROUTE - [GET] /avail?id_tipe=1 Incoming request ...
[2023-03-04T15:23:09.211Z] GET /avail?id_tipe=1 - | - bytes - - ms
[2023-03-04T22:23:12.684] [INFO] avail_ROUTE - [GET] /avail?id_tipe=1 Incoming request ...
[2023-03-04T22:43:50.513] [INFO] avail_ROUTE - [GET] /avail?id_tipe=1 Incoming request ...
[2023-03-04T22:44:25.312] [INFO] avail_ROUTE - [GET] /avail?id_tipe=1 Incoming request ...
[2023-03-04T22:45:10.591] [INFO] avail_ROUTE - [GET] /avail?id_tipe=1 Incoming request ...
[2023-03-04T22:46:03.621] [INFO] avail_ROUTE - [GET] /avail?id_tipe=1 Incoming request ...
[2023-03-04T22:46:41.580] [INFO] avail_ROUTE - [GET] /avail?id_tipe=1 Incoming request ...
[2023-03-04T22:47:18.278] [INFO] avail_ROUTE - [GET] /avail?id_tipe=1 Incoming request ...
[2023-03-04T15:47:21.665Z] GET /avail?id_tipe=1 200 | 261 bytes - 3386.565 ms
[2023-03-04T22:51:28.452] [INFO] avail_ROUTE - [GET] /avail?id_tipe=1&tgl_in=2023-02-27&tgl_out=2023-02-28 Incoming request ...
[2023-03-04T15:53:00.030Z] GET /avail?id_tipe=1&tgl_in=2023-02-27&tgl_out=2023-02-28 - | - bytes - - ms
[2023-03-04T22:54:18.136] [INFO] avail_ROUTE - [GET] /avail?id_tipe=1&tgl_in=2023-02-27&tgl_out=2023-02-28 Incoming request ...
[2023-03-04T22:55:10.225] [INFO] avail_ROUTE - [GET] /avail?id_tipe=1&tgl_in=2023-02-27&tgl_out=2023-02-28 Incoming request ...
[2023-03-04T22:56:09.777] [INFO] avail_ROUTE - [GET] /avail?id_tipe=1&tgl_in=2023-02-27&tgl_out=2023-02-28 Incoming request ...
[2023-03-04T22:56:56.392] [INFO] TIPE_ROUTE - [GET] /tipe Incoming request ...
[2023-03-04T15:56:59.416Z] GET /tipe 304 | - bytes - 3024.747 ms
[2023-03-04T22:58:53.124] [INFO] avail_ROUTE - [GET] /avail?id_tipe=1&tgl_in=2023-02-27&tgl_out=2023-02-28 Incoming request ...
[2023-03-04T15:59:03.288Z] GET /avail?id_tipe=1&tgl_in=2023-02-27&tgl_out=2023-02-28 - | - bytes - - ms
[2023-03-04T23:01:17.381] [INFO] avail_ROUTE - [GET] /avail?id_tipe=1&tgl_in=2023-02-27&tgl_out=2023-02-28 Incoming request ...
[2023-03-04T23:09:47.880] [INFO] avail_ROUTE - [GET] /avail?id_tipe=1&tgl_in=2023-02-27&tgl_out=2023-02-28 Incoming request ...
[2023-03-04T23:10:27.514] [INFO] avail_ROUTE - [GET] /avail?id_tipe=1&tgl_in=2023-02-27&tgl_out=2023-02-28 Incoming request ...
[2023-03-04T23:10:55.389] [INFO] avail_ROUTE - [GET] /avail?id_tipe=1&tgl_in=2023-02-27&tgl_out=2023-02-28 Incoming request ...
[2023-03-04T23:13:44.728] [INFO] avail_ROUTE - [GET] /avail?id_tipe=1&tgl_in=2023-02-27&tgl_out=2023-02-28 Incoming request ...
[2023-03-04T16:13:52.872Z] GET /avail?id_tipe=1&tgl_in=2023-02-27&tgl_out=2023-02-28 - | - bytes - - ms
[2023-03-04T23:13:56.513] [INFO] avail_ROUTE - [GET] /avail?id_tipe=1 Incoming request ...
[2023-03-04T16:13:56.729Z] GET /avail?id_tipe=1 200 | 219 bytes - 214.025 ms
[2023-03-04T23:14:43.544] [INFO] avail_ROUTE - [GET] /avail?id_tipe=1 Incoming request ...
[2023-03-04T16:14:46.535Z] GET /avail?id_tipe=1 200 | 261 bytes - 2991.796 ms
[2023-03-04T23:19:02.150] [INFO] avail_ROUTE - [GET] /avail?id_tipe=1 Incoming request ...
[2023-03-04T16:19:05.235Z] GET /avail?id_tipe=1 200 | 178 bytes - 3084.969 ms
[2023-03-04T23:21:56.893] [INFO] KAMAR_ROUTE - [GET] /kamar Incoming request ...
[2023-03-04T16:22:00.793Z] GET /kamar 304 | - bytes - 3900.731 ms
[2023-03-04T23:26:14.246] [INFO] avail_ROUTE - [GET] /avail?id_tipe=1 Incoming request ...
[2023-03-04T23:30:06.894] [INFO] avail_ROUTE - [GET] /avail?id_tipe=1 Incoming request ...
[2023-03-04T23:38:43.271] [INFO] avail_ROUTE - [GET] /avail?id_tipe=1 Incoming request ...
[2023-03-04T16:38:46.278Z] GET /avail?id_tipe=1 200 | 178 bytes - 3006.580 ms
[2023-03-04T23:42:35.644] [INFO] avail_ROUTE - [GET] /avail?id_tipe=1&tgl_in=2023-02-27&tgl_out=2023-02-28 Incoming request ...
[2023-03-04T23:46:34.535] [INFO] avail_ROUTE - [GET] /avail?id_tipe=1&tgl_in=2023-02-27&tgl_out=2023-02-28 Incoming request ...
[2023-03-04T23:46:49.702] [INFO] avail_ROUTE - [GET] /avail?id_tipe=1&tgl_in=2023-02-27&tgl_out=2023-02-28 Incoming request ...
[2023-03-04T23:53:14.174] [INFO] avail_ROUTE - [GET] /avail?id_tipe=1&tgl_in=2023-02-27&tgl_out=2023-02-28 Incoming request ...
[2023-03-04T23:56:56.948] [INFO] avail_ROUTE - [GET] /avail?id_tipe=1&tgl_in=2023-02-27&tgl_out=2023-02-28 Incoming request ...
[2023-03-04T16:57:00.536Z] GET /avail?id_tipe=1&tgl_in=2023-02-27&tgl_out=2023-02-28 200 | 178 bytes - 3587.846 ms
[2023-03-04T23:58:02.944] [INFO] avail_ROUTE - [GET] /avail?id_tipe=1 Incoming request ...
[2023-03-04T16:58:05.995Z] GET /avail?id_tipe=1 200 | 178 bytes - 3050.265 ms
[2023-03-04T23:58:15.949] [INFO] avail_ROUTE - [GET] /avail?id_tipe=1&tgl_in=2023-02-27&tgl_out=2023-02-28 Incoming request ...
[2023-03-04T16:58:16.158Z] GET /avail?id_tipe=1&tgl_in=2023-02-27&tgl_out=2023-02-28 200 | 178 bytes - 208.984 ms
[2023-03-05T00:00:30.970] [INFO] avail_ROUTE - [GET] /avail?id_tipe=1&tgl_in=2023-02-27&tgl_out=2023-03-01 Incoming request ...
[2023-03-04T17:00:32.966Z] GET /avail?id_tipe=1&tgl_in=2023-02-27&tgl_out=2023-03-01 200 | 178 bytes - 1997.655 ms
[2023-03-05T00:00:52.301] [INFO] avail_ROUTE - [GET] /avail?id_tipe=1&tgl_in=2023-02-28&tgl_out=2023-03-01 Incoming request ...
[2023-03-04T17:00:54.199Z] GET /avail?id_tipe=1&tgl_in=2023-02-28&tgl_out=2023-03-01 200 | 178 bytes - 1898.093 ms
[2023-03-05T00:03:09.327] [INFO] avail_ROUTE - [GET] /avail?id_tipe=1&tgl_in=2023-02-27&tgl_out=2023-03-01 Incoming request ...
[2023-03-04T17:03:11.234Z] GET /avail?id_tipe=1&tgl_in=2023-02-27&tgl_out=2023-03-01 200 | 178 bytes - 1907.140 ms
