[2023-01-24T07:57:37.338] [INFO] USER_ROUTE - [POST] /user Incoming request ...
[2023-01-24T08:09:38.622] [INFO] USER_ROUTE - [POST] /user Incoming request ...
[2023-01-24T01:09:38.651Z] POST /user 500 | 147 bytes - 23.385 ms
[2023-01-24T08:12:13.443] [INFO] USER_ROUTE - [POST] /user Incoming request ...
[2023-01-24T01:12:13.464Z] POST /user 500 | 147 bytes - 22.328 ms
[2023-01-24T08:12:32.348] [INFO] USER_ROUTE - [POST] /user Incoming request ...
[2023-01-24T01:12:32.369Z] POST /user 500 | 147 bytes - 19.711 ms
[2023-01-24T08:22:06.669] [INFO] USER_ROUTE - [POST] /user Incoming request ...
[2023-01-24T01:22:06.698Z] POST /user 500 | 145 bytes - 26.093 ms
[2023-01-24T08:22:24.568] [INFO] USER_ROUTE - [POST] /user Incoming request ...
[2023-01-24T01:22:24.811Z] POST /user 422 | 241 bytes - 242.931 ms
[2023-01-24T08:22:51.876] [INFO] USER_ROUTE - [POST] /user Incoming request ...
[2023-01-24T01:22:53.123Z] POST /user 200 | 264 bytes - 1247.053 ms
[2023-01-24T08:28:24.741] [INFO] USER_ROUTE - [POST] /user Incoming request ...
[2023-01-24T01:28:47.014Z] POST /user - | - bytes - - ms
[2023-01-24T10:38:22.581] [INFO] USER_ROUTE - [POST] /user Incoming request ...
[2023-01-24T03:38:23.655Z] POST /user 200 | 267 bytes - 1181.600 ms
[2023-01-24T03:38:49.026Z] GET /login 404 | 33 bytes - 44.234 ms
[2023-01-24T03:39:07.297Z] POST /login - | - bytes - - ms
[2023-01-24T03:39:41.254Z] POST /login - | - bytes - - ms
[2023-01-24T03:42:57.430Z] POST /login - | - bytes - - ms
[2023-01-24T03:43:21.640Z] POST /login 200 | 497 bytes - 514.138 ms
[2023-01-24T10:50:49.745] [INFO] USER_ROUTE - [GET] /user Incoming request ...
[2023-01-24T03:50:49.820Z] GET /user 200 | 793 bytes - 147.355 ms
