[2023-02-18T14:33:38.715] [INFO] KAMAR_ROUTE - [GET] /kamar Incoming request ...
[2023-02-18T07:33:41.987Z] GET /kamar 200 | 128 bytes - 3275.163 ms
[2023-02-18T14:44:25.662] [INFO] TIPE_ROUTE - [POST] /tipe Incoming request ...
[2023-02-18T07:44:27.441Z] POST /tipe 200 | 268 bytes - 1846.484 ms
[2023-02-18T14:45:06.892] [INFO] KAMAR_ROUTE - [GET] /kamar Incoming request ...
[2023-02-18T07:45:08.791Z] GET /kamar 304 | - bytes - 1898.956 ms
[2023-02-18T14:45:45.144] [INFO] TIPE_ROUTE - [POST] /tipe Incoming request ...
[2023-02-18T07:45:46.730Z] POST /tipe 200 | 264 bytes - 1586.272 ms
[2023-02-18T07:58:24.787Z] DELETE /tipe/1 403 | 33 bytes - 12.083 ms
[2023-02-18T14:58:24.773] [INFO] TIPE_ROUTE - [DELETE] /tipe/1 Incoming request ...
[2023-02-18T14:58:40.836] [INFO] TIPE_ROUTE - [DELETE] /tipe/1 Incoming request ...
[2023-02-18T07:58:43.371Z] DELETE /tipe/1 200 | 34 bytes - 2534.767 ms
[2023-02-18T14:58:48.338] [INFO] TIPE_ROUTE - [DELETE] /tipe/2 Incoming request ...
[2023-02-18T07:58:48.749Z] DELETE /tipe/2 200 | 34 bytes - 410.163 ms
[2023-02-18T15:06:55.999] [INFO] TIPE_ROUTE - [POST] /tipe Incoming request ...
[2023-02-18T08:06:57.509Z] POST /tipe 200 | 277 bytes - 1511.577 ms
[2023-02-18T15:09:56.926] [INFO] TIPE_ROUTE - [POST] /tipe Incoming request ...
[2023-02-18T08:09:59.999Z] POST /tipe 200 | 278 bytes - 3075.057 ms
[2023-02-18T15:10:57.970] [INFO] TIPE_ROUTE - [POST] /tipe Incoming request ...
[2023-02-18T08:10:59.174Z] POST /tipe 200 | 33 bytes - 1204.487 ms
[2023-02-18T15:11:08.182] [INFO] TIPE_ROUTE - [POST] /tipe Incoming request ...
[2023-02-18T08:11:08.907Z] POST /tipe 200 | 278 bytes - 724.714 ms
[2023-02-18T15:12:15.078] [INFO] TIPE_ROUTE - [DELETE] /tipe/3 Incoming request ...
[2023-02-18T08:12:16.279Z] DELETE /tipe/3 200 | 34 bytes - 1201.261 ms
[2023-02-18T15:14:18.413] [INFO] TIPE_ROUTE - [DELETE] /tipe/2 Incoming request ...
[2023-02-18T08:14:42.752Z] DELETE /tipe/2 - | - bytes - - ms
[2023-02-18T15:15:38.240] [INFO] TIPE_ROUTE - [DELETE] /tipe/2 Incoming request ...
[2023-02-18T08:16:24.007Z] DELETE /tipe/2 - | - bytes - - ms
[2023-02-18T15:18:17.298] [INFO] TIPE_ROUTE - [DELETE] /tipe/2 Incoming request ...
[2023-02-18T08:18:28.360Z] DELETE /tipe/2 - | - bytes - - ms
[2023-02-18T15:20:32.909] [INFO] TIPE_ROUTE - [DELETE] /tipe/2 Incoming request ...
[2023-02-18T08:21:57.856Z] DELETE /tipe/2 - | - bytes - - ms
[2023-02-18T15:29:36.640] [INFO] TIPE_ROUTE - [DELETE] /tipe/2 Incoming request ...
[2023-02-18T08:29:48.287Z] DELETE /tipe/2 - | - bytes - - ms
[2023-02-18T15:31:53.792] [INFO] TIPE_ROUTE - [DELETE] /tipe/2 Incoming request ...
[2023-02-18T08:38:13.565Z] DELETE /tipe/2 - | - bytes - - ms
[2023-02-18T15:38:20.336] [INFO] TIPE_ROUTE - [DELETE] /tipe/2 Incoming request ...
[2023-02-18T08:39:03.269Z] DELETE /tipe/2 - | - bytes - - ms
[2023-02-18T15:39:12.793] [INFO] TIPE_ROUTE - [DELETE] /tipe/2 Incoming request ...
[2023-02-18T08:39:21.225Z] DELETE /tipe/2 - | - bytes - - ms
[2023-02-18T15:39:50.356] [INFO] TIPE_ROUTE - [DELETE] /tipe/2 Incoming request ...
[2023-02-18T08:57:25.107Z] DELETE /tipe/2 - | - bytes - - ms
[2023-02-18T15:58:24.525] [INFO] TIPE_ROUTE - [DELETE] /tipe/2 Incoming request ...
[2023-02-18T15:58:47.639] [INFO] TIPE_ROUTE - [DELETE] /tipe/2 Incoming request ...
[2023-02-18T08:59:02.859Z] DELETE /tipe/2 - | - bytes - - ms
[2023-02-18T15:59:09.881] [INFO] TIPE_ROUTE - [POST] /tipe Incoming request ...
[2023-02-18T08:59:11.374Z] POST /tipe 200 | 278 bytes - 1493.203 ms
[2023-02-18T16:01:37.529] [INFO] TIPE_ROUTE - [POST] /tipe Incoming request ...
[2023-02-18T09:01:39.630Z] POST /tipe 200 | 33 bytes - 2101.117 ms
[2023-02-18T16:01:45.620] [INFO] TIPE_ROUTE - [POST] /tipe Incoming request ...
[2023-02-18T09:01:46.871Z] POST /tipe 200 | 270 bytes - 1252.138 ms
[2023-02-18T16:07:17.337] [INFO] TIPE_ROUTE - [DELETE] /tipe/5 Incoming request ...
[2023-02-18T09:07:20.546Z] DELETE /tipe/5 200 | 41 bytes - 3187.224 ms
[2023-02-18T16:08:09.517] [INFO] TIPE_ROUTE - [DELETE] /tipe/5 Incoming request ...
[2023-02-18T09:08:11.600Z] DELETE /tipe/5 200 | 287 bytes - 2082.096 ms
[2023-02-18T16:09:19.320] [INFO] TIPE_ROUTE - [DELETE] /tipe/5 Incoming request ...
[2023-02-18T16:10:31.249] [INFO] TIPE_ROUTE - [DELETE] /tipe/5 Incoming request ...
[2023-02-18T09:10:33.515Z] DELETE /tipe/5 200 | 13 bytes - 2266.361 ms
[2023-02-18T16:18:22.097] [INFO] KAMAR_ROUTE - [GET] /kamar Incoming request ...
[2023-02-18T09:18:26.987Z] GET /kamar 304 | - bytes - 4890.575 ms
