[2023-01-25T06:47:09.250Z] GET /login 404 | 33 bytes - 210.232 ms
[2023-01-25T06:47:18.437Z] GET /login 404 | 33 bytes - 4.875 ms
[2023-01-25T06:48:34.238Z] POST /login 200 | 497 bytes - 393.465 ms
[2023-01-25T14:20:38.614] [INFO] TIPE_ROUTE - [POST] /tipe Incoming request ...
[2023-01-25T07:20:38.686Z] POST /tipe 422 | 327 bytes - 68.411 ms
[2023-01-25T14:21:23.144] [INFO] TIPE_ROUTE - [POST] /tipe Incoming request ...
[2023-01-25T07:21:23.240Z] POST /tipe 422 | 327 bytes - 94.899 ms
[2023-01-25T14:21:48.809] [INFO] TIPE_ROUTE - [POST] /tipe Incoming request ...
[2023-01-25T07:21:48.919Z] POST /tipe 422 | 331 bytes - 93.445 ms
[2023-01-25T14:27:55.761] [INFO] TIPE_ROUTE - [POST] /tipe Incoming request ...
[2023-01-25T07:27:55.885Z] POST /tipe 422 | 331 bytes - 119.133 ms
[2023-01-25T14:29:02.610] [INFO] TIPE_ROUTE - [POST] /tipe Incoming request ...
[2023-01-25T07:29:02.779Z] POST /tipe 422 | 331 bytes - 168.084 ms
[2023-01-25T14:29:20.102] [INFO] TIPE_ROUTE - [POST] /tipe Incoming request ...
[2023-01-25T07:29:20.641Z] POST /tipe 200 | 250 bytes - 539.778 ms
[2023-01-25T14:30:28.478] [INFO] TIPE_ROUTE - [GET] /tipe Incoming request ...
[2023-01-25T07:30:28.528Z] GET /tipe 200 | 330 bytes - 52.745 ms
[2023-01-25T14:32:19.703] [INFO] TIPE_ROUTE - [DELETE] /tipe/1 Incoming request ...
[2023-01-25T07:32:19.778Z] DELETE /tipe/1 200 | 34 bytes - 73.571 ms
[2023-01-25T14:32:51.603] [INFO] TIPE_ROUTE - [POST] /tipe Incoming request ...
[2023-01-25T14:35:05.807] [INFO] TIPE_ROUTE - [POST] /tipe Incoming request ...
[2023-01-25T07:35:06.757Z] POST /tipe 200 | 286 bytes - 950.818 ms
