[2023-01-20T10:14:04.235] [INFO] USER_ROUTE - [POST] /user Incoming request ...
[2023-01-20T03:14:04.278Z] POST /user 422 | 163 bytes - 37.298 ms
[2023-01-20T10:36:25.946] [INFO] USER_ROUTE - [POST] /user Incoming request ...
[2023-01-20T03:36:26.029Z] POST /user 422 | 163 bytes - 82.204 ms
[2023-01-20T10:39:17.880] [INFO] USER_ROUTE - [POST] /user Incoming request ...
[2023-01-20T03:39:17.930Z] POST /user 422 | 163 bytes - 44.916 ms
[2023-01-20T10:47:39.225] [INFO] USER_ROUTE - [POST] /user Incoming request ...
[2023-01-20T03:47:39.270Z] POST /user 422 | 163 bytes - 41.003 ms
[2023-01-20T10:48:17.306] [INFO] USER_ROUTE - [POST] /user Incoming request ...
[2023-01-20T03:48:17.314Z] POST /user 422 | 163 bytes - 7.936 ms
[2023-01-20T10:48:22.811] [INFO] USER_ROUTE - [POST] /user Incoming request ...
[2023-01-20T03:48:22.816Z] POST /user 422 | 163 bytes - 5.063 ms
[2023-01-20T10:48:29.533] [INFO] USER_ROUTE - [POST] /user Incoming request ...
[2023-01-20T03:48:29.538Z] POST /user 422 | 163 bytes - 4.335 ms
[2023-01-20T10:48:38.752] [INFO] USER_ROUTE - [POST] /user Incoming request ...
[2023-01-20T03:48:38.758Z] POST /user 422 | 163 bytes - 5.782 ms
[2023-01-20T10:57:58.925] [INFO] USER_ROUTE - [POST] /user Incoming request ...
[2023-01-20T03:57:58.936Z] POST /user 422 | 163 bytes - 10.748 ms
[2023-01-20T10:58:57.295] [INFO] USER_ROUTE - [POST] /user Incoming request ...
[2023-01-20T03:58:57.309Z] POST /user 422 | 163 bytes - 12.917 ms
[2023-01-20T11:00:33.433] [INFO] USER_ROUTE - [POST] /user Incoming request ...
[2023-01-20T04:00:33.445Z] POST /user 422 | 163 bytes - 10.325 ms
[2023-01-20T11:04:27.684] [INFO] USER_ROUTE - [POST] /user Incoming request ...
[2023-01-20T04:04:27.686Z] POST /user 422 | 163 bytes - 2.134 ms
[2023-01-20T13:53:54.377] [INFO] USER_ROUTE - [POST] /user Incoming request ...
[2023-01-20T06:53:54.394Z] POST /user 422 | 163 bytes - 16.733 ms
[2023-01-20T14:03:41.106] [INFO] USER_ROUTE - [POST] /user Incoming request ...
[2023-01-20T07:03:41.124Z] POST /user 422 | 163 bytes - 16.106 ms
[2023-01-20T14:04:40.917] [INFO] USER_ROUTE - [POST] /user Incoming request ...
[2023-01-20T07:07:58.754Z] POST /user - | - bytes - - ms
[2023-01-20T14:08:15.842] [INFO] USER_ROUTE - [POST] /user Incoming request ...
[2023-01-20T07:08:30.501Z] POST /user - | - bytes - - ms
[2023-01-20T14:09:35.288] [INFO] USER_ROUTE - [GET] /user Incoming request ...
[2023-01-20T07:09:35.942Z] GET /user 200 | 260 bytes - 653.783 ms
[2023-01-20T14:12:06.254] [INFO] USER_ROUTE - [GET] /user Incoming request ...
[2023-01-20T07:12:06.304Z] GET /user 200 | 260 bytes - 202.631 ms
[2023-01-20T14:12:13.470] [INFO] USER_ROUTE - [POST] /user Incoming request ...
[2023-01-20T14:13:46.622] [INFO] USER_ROUTE - [POST] /user Incoming request ...
[2023-01-20T07:14:04.951Z] POST /user - | - bytes - - ms
[2023-01-20T14:14:57.569] [INFO] USER_ROUTE - [POST] /user Incoming request ...
[2023-01-20T07:15:01.692Z] POST /user - | - bytes - - ms
[2023-01-20T14:15:10.751] [INFO] USER_ROUTE - [POST] /user Incoming request ...
[2023-01-20T07:20:36.583Z] POST /user - | - bytes - - ms
[2023-01-20T14:22:08.890] [INFO] USER_ROUTE - [POST] /user Incoming request ...
[2023-01-20T07:24:52.635Z] POST /user - | - bytes - - ms
[2023-01-20T14:24:57.258] [INFO] USER_ROUTE - [PATCH] /user Incoming request ...
[2023-01-20T07:24:57.263Z] PATCH /user 404 | 33 bytes - 2.912 ms
[2023-01-20T14:25:04.776] [INFO] USER_ROUTE - [PATCH] /user/1 Incoming request ...
[2023-01-20T07:25:05.108Z] PATCH /user/1 200 | 34 bytes - 331.931 ms
[2023-01-20T14:28:53.571] [INFO] USER_ROUTE - [POST] /user/ Incoming request ...
[2023-01-20T14:30:03.451] [INFO] USER_ROUTE - [POST] /user/ Incoming request ...
[2023-01-20T14:31:09.452] [INFO] USER_ROUTE - [POST] /user/ Incoming request ...
[2023-01-20T07:31:12.556Z] POST /user/ - | - bytes - - ms
[2023-01-20T14:33:53.922] [INFO] USER_ROUTE - [POST] /user/ Incoming request ...
[2023-01-20T07:34:29.386Z] POST /user/ - | - bytes - - ms
[2023-01-20T15:25:26.737] [INFO] USER_ROUTE - [POST] /user/ Incoming request ...
[2023-01-20T08:28:56.231Z] POST /user/ - | - bytes - - ms
[2023-01-20T15:40:52.329] [INFO] USER_ROUTE - [POST] /user Incoming request ...
[2023-01-20T08:45:19.097Z] POST /user - | - bytes - - ms
[2023-01-20T15:45:51.525] [INFO] USER_ROUTE - [POST] /user Incoming request ...
[2023-01-20T15:49:30.874] [INFO] USER_ROUTE - [POST] /user Incoming request ...
[2023-01-20T15:50:38.308] [INFO] USER_ROUTE - [POST] /user Incoming request ...
[2023-01-20T08:50:38.365Z] POST /user 422 | 163 bytes - 52.781 ms
[2023-01-20T15:51:14.938] [INFO] USER_ROUTE - [POST] /user Incoming request ...
[2023-01-20T08:51:14.985Z] POST /user 422 | 163 bytes - 47.020 ms
[2023-01-20T16:08:49.024] [INFO] USER_ROUTE - [POST] /user Incoming request ...
[2023-01-20T09:08:49.072Z] POST /user 422 | 163 bytes - 46.968 ms
[2023-01-20T16:09:35.524] [INFO] USER_ROUTE - [POST] /user Incoming request ...
[2023-01-20T09:10:26.472Z] POST /user - | - bytes - - ms
[2023-01-20T16:10:28.438] [INFO] USER_ROUTE - [POST] /user Incoming request ...
[2023-01-20T09:10:37.012Z] POST /user - | - bytes - - ms
[2023-01-20T16:12:24.940] [INFO] USER_ROUTE - [POST] /user Incoming request ...
[2023-01-20T16:13:02.975] [INFO] USER_ROUTE - [POST] /user Incoming request ...
[2023-01-20T16:14:16.958] [INFO] USER_ROUTE - [POST] /user Incoming request ...
[2023-01-20T16:16:27.378] [INFO] USER_ROUTE - [POST] /user Incoming request ...
[2023-01-20T16:22:54.085] [INFO] USER_ROUTE - [POST] /user Incoming request ...
[2023-01-20T16:25:25.906] [INFO] USER_ROUTE - [POST] /user Incoming request ...
[2023-01-20T16:25:55.987] [INFO] USER_ROUTE - [POST] /user Incoming request ...
[2023-01-20T16:26:50.934] [INFO] USER_ROUTE - [POST] /user Incoming request ...
[2023-01-20T16:27:11.983] [INFO] USER_ROUTE - [POST] /user Incoming request ...
[2023-01-20T16:31:03.063] [INFO] USER_ROUTE - [POST] /user Incoming request ...
[2023-01-20T16:33:36.691] [INFO] USER_ROUTE - [POST] /user Incoming request ...
[2023-01-20T09:33:36.764Z] POST /user 500 | 147 bytes - 76.348 ms
