[2023-02-15T16:46:32.014] [INFO] USER_ROUTE - [POST] /user Incoming request ...
[2023-02-15T09:46:35.130Z] POST /user 200 | 37 bytes - 3116.524 ms
[2023-02-15T16:46:47.477] [INFO] USER_ROUTE - [POST] /user Incoming request ...
[2023-02-15T09:46:48.994Z] POST /user 200 | 274 bytes - 1516.560 ms
[2023-02-15T16:47:46.054] [INFO] USER_ROUTE - [PATCH] /user/9 Incoming request ...
[2023-02-15T09:47:47.104Z] PATCH /user/9 200 | 37 bytes - 1049.778 ms
[2023-02-15T16:47:58.205] [INFO] USER_ROUTE - [PATCH] /user/9 Incoming request ...
[2023-02-15T09:47:59.936Z] PATCH /user/9 200 | 34 bytes - 1730.167 ms
[2023-02-15T16:55:12.724] [INFO] USER_ROUTE - [PATCH] /user/9 Incoming request ...
[2023-02-15T17:01:47.444] [INFO] USER_ROUTE - [PATCH] /user/9 Incoming request ...
[2023-02-15T10:01:52.576Z] PATCH /user/9 200 | 42 bytes - 5127.802 ms
[2023-02-15T17:03:33.631] [INFO] USER_ROUTE - [PATCH] /user/9 Incoming request ...
[2023-02-15T10:03:47.040Z] PATCH /user/9 - | - bytes - - ms
[2023-02-15T17:14:33.172] [INFO] USER_ROUTE - [DELETE] /user/9 Incoming request ...
[2023-02-15T10:14:33.187Z] DELETE /user/9 403 | 33 bytes - 12.627 ms
[2023-02-15T17:14:49.966] [INFO] USER_ROUTE - [DELETE] /user/9 Incoming request ...
[2023-02-15T17:15:34.293] [INFO] USER_ROUTE - [DELETE] /user/9 Incoming request ...
[2023-02-15T19:36:50.757] [INFO] USER_ROUTE - [DELETE] /user/9 Incoming request ...
[2023-02-15T12:36:55.668Z] DELETE /user/9 200 | 34 bytes - 4911.683 ms
[2023-02-15T20:00:16.208] [INFO] KAMAR_ROUTE - [GET] /kamar Incoming request ...
[2023-02-15T13:00:22.531Z] GET /kamar 304 | - bytes - 6318.098 ms
[2023-02-15T20:08:51.416] [INFO] TIPE_ROUTE - [PATCH] /tipe/1 Incoming request ...
[2023-02-15T13:08:55.586Z] PATCH /tipe/1 200 | 34 bytes - 4166.111 ms
[2023-02-15T20:09:24.191] [INFO] TIPE_ROUTE - [PATCH] /tipe/1 Incoming request ...
[2023-02-15T20:10:31.316] [INFO] TIPE_ROUTE - [PATCH] /tipe/1 Incoming request ...
[2023-02-15T20:11:13.829] [INFO] TIPE_ROUTE - [PATCH] /tipe/1 Incoming request ...
[2023-02-15T13:11:21.887Z] PATCH /tipe/1 - | - bytes - - ms
[2023-02-15T20:51:47.955] [INFO] TIPE_ROUTE - [DELETE] /tipe/1 Incoming request ...
[2023-02-15T13:51:51.265Z] DELETE /tipe/1 200 | 34 bytes - 3306.694 ms
[2023-02-15T20:51:57.430] [INFO] TIPE_ROUTE - [DELETE] /tipe/2 Incoming request ...
[2023-02-15T13:51:57.848Z] DELETE /tipe/2 200 | 34 bytes - 417.677 ms
[2023-02-15T20:58:34.469] [INFO] USER_ROUTE - [DELETE] /user/8 Incoming request ...
[2023-02-15T13:58:36.644Z] DELETE /user/8 200 | 34 bytes - 2174.570 ms
[2023-02-15T20:58:43.411] [INFO] USER_ROUTE - [DELETE] /user/7 Incoming request ...
[2023-02-15T13:58:44.099Z] DELETE /user/7 200 | 34 bytes - 686.907 ms
[2023-02-15T20:58:48.380] [INFO] USER_ROUTE - [DELETE] /user/6 Incoming request ...
[2023-02-15T13:58:48.805Z] DELETE /user/6 200 | 34 bytes - 422.477 ms
[2023-02-15T20:58:52.386] [INFO] USER_ROUTE - [DELETE] /user/5 Incoming request ...
[2023-02-15T13:58:52.790Z] DELETE /user/5 200 | 34 bytes - 402.985 ms
[2023-02-15T20:58:56.651] [INFO] USER_ROUTE - [DELETE] /user/4 Incoming request ...
[2023-02-15T13:58:57.073Z] DELETE /user/4 200 | 34 bytes - 421.472 ms
