[2023-02-04T16:18:45.798] [INFO] PAKET_ROUTE - [GET] /admin/kamar/ Incoming request ...
[2023-02-04T09:18:46.452Z] GET /admin/kamar/ 200 | 286 bytes - 657.885 ms
[2023-02-04T09:18:53.891Z] GET /admin/kamar/ 500 | 12 bytes - 2.955 ms
[2023-02-04T16:18:53.888] [INFO] PAKET_ROUTE - [GET] /admin/kamar/ Incoming request ...
[2023-02-04T09:19:12.647Z] GET /admin/kamar/ 500 | 12 bytes - 1.843 ms
[2023-02-04T16:19:12.645] [INFO] PAKET_ROUTE - [GET] /admin/kamar/ Incoming request ...
[2023-02-04T09:19:23.376Z] GET /admin/kamar/ 500 | 12 bytes - 1.535 ms
[2023-02-04T16:19:23.375] [INFO] PAKET_ROUTE - [GET] /admin/kamar/ Incoming request ...
[2023-02-04T16:19:29.451] [INFO] PAKET_ROUTE - [GET] /admin/kamar/ Incoming request ...
[2023-02-04T09:19:29.463Z] GET /admin/kamar/ 200 | 286 bytes - 12.567 ms
[2023-02-04T16:20:01.135] [INFO] PAKET_ROUTE - [GET] /admin/kamar/ Incoming request ...
[2023-02-04T09:20:01.291Z] GET /admin/kamar/ 200 | 286 bytes - 154.349 ms
[2023-02-04T09:20:06.453Z] GET /admin/kamar/ 500 | 12 bytes - 4.095 ms
[2023-02-04T16:20:06.450] [INFO] PAKET_ROUTE - [GET] /admin/kamar/ Incoming request ...
[2023-02-04T09:22:05.349Z] GET /admin/kamar/ 500 | 12 bytes - 17.955 ms
[2023-02-04T16:22:05.333] [INFO] PAKET_ROUTE - [GET] /admin/kamar/ Incoming request ...
[2023-02-04T09:23:39.070Z] GET /admin/kamar/ 500 | 12 bytes - 15.736 ms
[2023-02-04T16:23:39.056] [INFO] PAKET_ROUTE - [GET] /admin/kamar/ Incoming request ...
[2023-02-04T16:25:16.681] [INFO] PAKET_ROUTE - [GET] /admin/kamar/ Incoming request ...
[2023-02-04T09:25:18.685Z] GET /admin/kamar/ 200 | 286 bytes - 2000.975 ms
[2023-02-04T09:25:40.667Z] PATCH /kamar/2 404 | 33 bytes - 132.296 ms
[2023-02-04T09:25:51.834Z] PATCH /admin/kamar/2 403 | 33 bytes - 7.332 ms
[2023-02-04T16:25:51.827] [INFO] PAKET_ROUTE - [PATCH] /admin/kamar/2 Incoming request ...
[2023-02-04T09:28:38.460Z] PATCH /admin/kamar/2 403 | 33 bytes - 31.384 ms
[2023-02-04T16:28:38.442] [INFO] PAKET_ROUTE - [PATCH] /admin/kamar/2 Incoming request ...
[2023-02-04T16:28:45.989] [INFO] PAKET_ROUTE - [GET] /admin/kamar/ Incoming request ...
[2023-02-04T09:28:46.085Z] GET /admin/kamar/ 200 | 286 bytes - 96.872 ms
