[2023-01-19T09:44:25.817] [INFO] USER_ROUTE - [POST] /user Incoming request ...
[2023-01-19T02:44:25.847Z] POST /user 500 | 12 bytes - 28.430 ms
[2023-01-19T21:41:05.194] [INFO] USER_ROUTE - [POST] /user Incoming request ...
[2023-01-19T14:41:05.207Z] POST /user 500 | 12 bytes - 12.416 ms
[2023-01-19T21:41:39.352] [INFO] USER_ROUTE - [POST] /user Incoming request ...
[2023-01-19T14:41:39.353Z] POST /user 500 | 12 bytes - 1.804 ms
[2023-01-19T21:42:20.667] [INFO] USER_ROUTE - [POST] /user Incoming request ...
[2023-01-19T14:42:20.668Z] POST /user 500 | 12 bytes - 1.416 ms
[2023-01-19T21:43:54.408] [INFO] USER_ROUTE - [POST] /user Incoming request ...
[2023-01-19T14:43:54.417Z] POST /user 500 | 12 bytes - 8.949 ms
[2023-01-19T21:44:33.915] [INFO] USER_ROUTE - [POST] /user Incoming request ...
[2023-01-19T14:44:33.918Z] POST /user 500 | 12 bytes - 3.063 ms
[2023-01-19T21:44:36.143] [INFO] USER_ROUTE - [POST] /user Incoming request ...
[2023-01-19T14:44:36.145Z] POST /user 500 | 12 bytes - 1.579 ms
[2023-01-19T21:44:37.011] [INFO] USER_ROUTE - [POST] /user Incoming request ...
[2023-01-19T14:44:37.012Z] POST /user 500 | 12 bytes - 1.097 ms
[2023-01-19T21:44:37.760] [INFO] USER_ROUTE - [POST] /user Incoming request ...
[2023-01-19T14:44:37.761Z] POST /user 500 | 12 bytes - 1.154 ms
[2023-01-19T21:44:39.027] [INFO] USER_ROUTE - [POST] /user Incoming request ...
[2023-01-19T14:44:39.028Z] POST /user 500 | 12 bytes - 1.104 ms
[2023-01-19T21:46:04.310] [INFO] USER_ROUTE - [POST] /user Incoming request ...
[2023-01-19T14:46:04.321Z] POST /user 500 | 12 bytes - 9.608 ms
[2023-01-19T21:46:30.237] [INFO] USER_ROUTE - [POST] /user Incoming request ...
[2023-01-19T14:46:30.246Z] POST /user 500 | 12 bytes - 8.575 ms
[2023-01-19T21:48:14.127] [INFO] USER_ROUTE - [POST] /user Incoming request ...
[2023-01-19T14:48:14.136Z] POST /user 500 | 12 bytes - 8.644 ms
[2023-01-19T14:50:37.868Z] POST /login - | - bytes - - ms
[2023-01-19T14:50:45.452Z] POST /login - | - bytes - - ms
[2023-01-19T14:59:06.193Z] POST /login - | - bytes - - ms
[2023-01-19T22:00:57.055] [INFO] USER_ROUTE - [GET] /user Incoming request ...
[2023-01-19T15:00:57.056Z] GET /user 500 | 12 bytes - 3.179 ms
[2023-01-19T22:01:30.609] [INFO] USER_ROUTE - [GET] /user Incoming request ...
[2023-01-19T15:01:30.611Z] GET /user 500 | 12 bytes - 1.644 ms
[2023-01-19T22:04:02.412] [INFO] USER_ROUTE - [GET] /user Incoming request ...
[2023-01-19T22:05:09.973] [INFO] USER_ROUTE - [GET] /user Incoming request ...
[2023-01-19T15:05:10.086Z] GET /user 200 | 241 bytes - 188.705 ms
[2023-01-19T23:16:06.654] [INFO] USER_ROUTE - [POST] /user Incoming request ...
[2023-01-19T16:16:06.669Z] POST /user 422 | 163 bytes - 14.354 ms
[2023-01-19T23:17:35.001] [INFO] USER_ROUTE - [POST] /user Incoming request ...
[2023-01-19T16:17:35.012Z] POST /user 422 | 163 bytes - 10.868 ms
[2023-01-19T23:20:23.480] [INFO] USER_ROUTE - [POST] /user Incoming request ...
[2023-01-19T16:20:23.497Z] POST /user 422 | 216 bytes - 262.732 ms
[2023-01-19T23:20:35.659] [INFO] USER_ROUTE - [POST] /user Incoming request ...
[2023-01-19T16:20:35.661Z] POST /user 422 | 220 bytes - 2.189 ms
[2023-01-19T23:20:46.045] [INFO] USER_ROUTE - [POST] /user Incoming request ...
[2023-01-19T16:20:46.049Z] POST /user 422 | 163 bytes - 3.103 ms
