[2023-03-03T15:50:54.026] [INFO] USER_ROUTE - [GET] /user/?nama=alvin Incoming request ...
[2023-03-03T08:50:57.305Z] GET /user/?nama=alvin 200 | 597 bytes - 3277.053 ms
[2023-03-03T15:52:24.043] [INFO] USER_ROUTE - [GET] /user/?role=admin Incoming request ...
[2023-03-03T08:52:25.549Z] GET /user/?role=admin 200 | 597 bytes - 1507.993 ms
[2023-03-03T15:53:28.003] [INFO] USER_ROUTE - [GET] /user/?nama=alvin Incoming request ...
[2023-03-03T08:53:29.398Z] GET /user/?nama=alvin 200 | 597 bytes - 1394.666 ms
[2023-03-03T15:54:17.109] [INFO] USER_ROUTE - [GET] /user/?nama=alvin Incoming request ...
[2023-03-03T08:54:20.156Z] GET /user/?nama=alvin 200 | 597 bytes - 3046.324 ms
[2023-03-03T15:57:03.734] [INFO] USER_ROUTE - [GET] /user/?username=alvin Incoming request ...
[2023-03-03T08:57:06.763Z] GET /user/?username=alvin 200 | 597 bytes - 3033.774 ms
[2023-03-03T16:01:38.232] [INFO] USER_ROUTE - [GET] /user/?username=alvin Incoming request ...
[2023-03-03T09:01:41.295Z] GET /user/?username=alvin 200 | 597 bytes - 3068.727 ms
[2023-03-03T16:04:43.018] [INFO] USER_ROUTE - [GET] /user/?username=alvin Incoming request ...
[2023-03-03T09:04:46.021Z] GET /user/?username=alvin 200 | 597 bytes - 3003.747 ms
[2023-03-03T16:08:22.133] [INFO] USER_ROUTE - [GET] /user/?username=alvin Incoming request ...
[2023-03-03T09:08:24.851Z] GET /user/?username=alvin 200 | 332 bytes - 2721.490 ms
[2023-03-03T16:08:46.236] [INFO] USER_ROUTE - [GET] /user/?role=admin Incoming request ...
[2023-03-03T09:08:47.668Z] GET /user/?role=admin 200 | 329 bytes - 1434.387 ms
[2023-03-03T16:09:08.133] [INFO] USER_ROUTE - [GET] /user/?role=admin&nama=adhe Incoming request ...
[2023-03-03T09:09:10.195Z] GET /user/?role=admin&nama=adhe 200 | 329 bytes - 2061.921 ms
[2023-03-03T16:20:41.753] [INFO] PEMESANAN_ROUTE - [GET] /pemesanan Incoming request ...
[2023-03-03T09:20:44.391Z] GET /pemesanan 200 | 65 bytes - 2639.553 ms
[2023-03-03T16:21:37.088] [INFO] PEMESANAN_ROUTE - [GET] /pemesanan/1 Incoming request ...
[2023-03-03T09:21:39.178Z] GET /pemesanan/1 - | - bytes - - ms
[2023-03-03T16:26:49.402] [INFO] TIPE_ROUTE - [POST] /tipe Incoming request ...
[2023-03-03T09:26:51.979Z] POST /tipe 200 | 270 bytes - 2578.603 ms
[2023-03-03T16:30:40.866] [INFO] TIPE_ROUTE - [POST] /tipe Incoming request ...
[2023-03-03T16:33:09.490] [INFO] TIPE_ROUTE - [POST] /tipe Incoming request ...
[2023-03-03T09:33:13.561Z] POST /tipe 200 | 568 bytes - 4071.231 ms
[2023-03-03T16:38:48.147] [INFO] TIPE_ROUTE - [POST] /tipe Incoming request ...
[2023-03-03T09:38:52.157Z] POST /tipe 200 | 571 bytes - 4014.608 ms
[2023-03-03T09:42:31.917Z] POST /kamar/ 403 | 33 bytes - 183.510 ms
[2023-03-03T16:42:31.910] [INFO] KAMAR_ROUTE - [POST] /kamar/ Incoming request ...
[2023-03-03T09:42:51.729Z] POST /login 200 | 492 bytes - 1288.108 ms
[2023-03-03T16:43:17.996] [INFO] KAMAR_ROUTE - [POST] /kamar/ Incoming request ...
[2023-03-03T09:43:20.104Z] POST /kamar/ 200 | 110 bytes - 2107.861 ms
[2023-03-03T16:43:31.119] [INFO] KAMAR_ROUTE - [POST] /kamar/ Incoming request ...
[2023-03-03T09:43:32.590Z] POST /kamar/ 200 | 110 bytes - 1471.777 ms
[2023-03-03T16:43:36.728] [INFO] KAMAR_ROUTE - [POST] /kamar/ Incoming request ...
[2023-03-03T09:43:37.336Z] POST /kamar/ 200 | 110 bytes - 608.946 ms
[2023-03-03T16:43:42.333] [INFO] KAMAR_ROUTE - [POST] /kamar/ Incoming request ...
[2023-03-03T09:43:42.863Z] POST /kamar/ 200 | 110 bytes - 531.056 ms
[2023-03-03T16:43:47.055] [INFO] KAMAR_ROUTE - [POST] /kamar/ Incoming request ...
[2023-03-03T09:43:47.575Z] POST /kamar/ 200 | 110 bytes - 519.233 ms
[2023-03-03T16:44:00.024] [INFO] KAMAR_ROUTE - [POST] /kamar/ Incoming request ...
[2023-03-03T09:44:02.273Z] POST /kamar/ 200 | 110 bytes - 2250.414 ms
[2023-03-03T16:44:05.530] [INFO] KAMAR_ROUTE - [POST] /kamar/ Incoming request ...
[2023-03-03T09:44:05.961Z] POST /kamar/ 200 | 110 bytes - 430.653 ms
[2023-03-03T16:44:09.393] [INFO] KAMAR_ROUTE - [POST] /kamar/ Incoming request ...
[2023-03-03T09:44:10.000Z] POST /kamar/ 200 | 110 bytes - 607.053 ms
[2023-03-03T16:44:14.565] [INFO] KAMAR_ROUTE - [POST] /kamar/ Incoming request ...
[2023-03-03T09:44:15.124Z] POST /kamar/ 200 | 110 bytes - 559.695 ms
[2023-03-03T16:44:19.459] [INFO] KAMAR_ROUTE - [POST] /kamar/ Incoming request ...
[2023-03-03T09:44:20.034Z] POST /kamar/ 200 | 111 bytes - 575.276 ms
[2023-03-03T16:44:30.192] [INFO] KAMAR_ROUTE - [POST] /kamar/ Incoming request ...
[2023-03-03T09:44:30.695Z] POST /kamar/ 200 | 111 bytes - 503.370 ms
[2023-03-03T16:44:36.227] [INFO] KAMAR_ROUTE - [POST] /kamar/ Incoming request ...
[2023-03-03T09:44:36.828Z] POST /kamar/ 200 | 111 bytes - 600.600 ms
[2023-03-03T16:44:40.561] [INFO] KAMAR_ROUTE - [POST] /kamar/ Incoming request ...
[2023-03-03T09:44:41.129Z] POST /kamar/ 200 | 111 bytes - 567.812 ms
[2023-03-03T16:44:44.947] [INFO] KAMAR_ROUTE - [POST] /kamar/ Incoming request ...
[2023-03-03T09:44:45.951Z] POST /kamar/ 200 | 111 bytes - 1005.465 ms
[2023-03-03T16:44:50.222] [INFO] KAMAR_ROUTE - [POST] /kamar/ Incoming request ...
[2023-03-03T09:44:50.662Z] POST /kamar/ 200 | 111 bytes - 439.740 ms
[2023-03-03T16:45:00.630] [INFO] KAMAR_ROUTE - [POST] /kamar/ Incoming request ...
[2023-03-03T09:45:01.199Z] POST /kamar/ 200 | 111 bytes - 569.119 ms
[2023-03-03T16:45:04.754] [INFO] KAMAR_ROUTE - [POST] /kamar/ Incoming request ...
[2023-03-03T09:45:05.397Z] POST /kamar/ 200 | 111 bytes - 643.198 ms
[2023-03-03T16:45:09.465] [INFO] KAMAR_ROUTE - [POST] /kamar/ Incoming request ...
[2023-03-03T09:45:10.006Z] POST /kamar/ 200 | 111 bytes - 540.595 ms
[2023-03-03T16:45:13.822] [INFO] KAMAR_ROUTE - [POST] /kamar/ Incoming request ...
[2023-03-03T09:45:14.251Z] POST /kamar/ 200 | 111 bytes - 429.706 ms
[2023-03-03T16:45:18.470] [INFO] KAMAR_ROUTE - [POST] /kamar/ Incoming request ...
[2023-03-03T09:45:18.915Z] POST /kamar/ 200 | 111 bytes - 445.064 ms
[2023-03-03T16:45:51.542] [INFO] KAMAR_ROUTE - [GET] /kamar Incoming request ...
[2023-03-03T09:45:54.337Z] GET /kamar 200 | 1239 bytes - 2797.494 ms
[2023-03-03T16:46:03.109] [INFO] KAMAR_ROUTE - [GET] /kamar?id_tipe=1 Incoming request ...
[2023-03-03T09:46:04.483Z] GET /kamar?id_tipe=1 200 | 682 bytes - 1373.653 ms
[2023-03-03T16:46:36.035] [INFO] KAMAR_ROUTE - [GET] /kamar Incoming request ...
[2023-03-03T09:46:38.684Z] GET /kamar 200 | 1239 bytes - 2649.791 ms
[2023-03-03T16:47:00.759] [INFO] KAMAR_ROUTE - [GET] /kamar?page=2 Incoming request ...
[2023-03-03T09:47:03.158Z] GET /kamar?page=2 200 | 1248 bytes - 2399.455 ms
[2023-03-03T16:50:40.860] [INFO] KAMAR_ROUTE - [GET] /kamar Incoming request ...
[2023-03-03T09:50:44.246Z] GET /kamar 200 | 1239 bytes - 3386.248 ms
[2023-03-03T10:06:14.254Z] GET /detail 404 | 33 bytes - 39.011 ms
[2023-03-03T10:06:39.414Z] GET /detail 404 | 33 bytes - 19.566 ms
[2023-03-03T10:07:44.260Z] GET /tipr 404 | 33 bytes - 1.720 ms
[2023-03-03T17:07:45.195] [INFO] TIPE_ROUTE - [GET] /tipe Incoming request ...
[2023-03-03T10:07:46.346Z] GET /tipe 200 | 1176 bytes - 1153.209 ms
[2023-03-03T17:09:16.321] [INFO] TIPE_ROUTE - [GET] /tipe Incoming request ...
[2023-03-03T10:09:17.423Z] GET /tipe 304 | - bytes - 1102.788 ms
[2023-03-03T17:09:53.242] [INFO] TIPE_ROUTE - [GET] /tipe Incoming request ...
[2023-03-03T10:09:54.400Z] GET /tipe 304 | - bytes - 1239.638 ms
[2023-03-03T17:09:55.169] [INFO] TIPE_ROUTE - [GET] /tipe Incoming request ...
[2023-03-03T10:09:55.434Z] GET /tipe 304 | - bytes - 275.399 ms
[2023-03-03T17:10:00.620] [INFO] TIPE_ROUTE - [GET] /tipe Incoming request ...
[2023-03-03T10:10:00.847Z] GET /tipe 304 | - bytes - 227.966 ms
[2023-03-03T17:15:35.523] [INFO] TIPE_ROUTE - [GET] /tipe Incoming request ...
[2023-03-03T10:15:36.710Z] GET /tipe 304 | - bytes - 1188.466 ms
[2023-03-03T17:15:52.159] [INFO] TIPE_ROUTE - [GET] /tipe Incoming request ...
[2023-03-03T10:15:53.290Z] GET /tipe 304 | - bytes - 1131.175 ms
[2023-03-03T17:16:08.215] [INFO] TIPE_ROUTE - [GET] /tipe Incoming request ...
[2023-03-03T10:16:09.389Z] GET /tipe 304 | - bytes - 1220.488 ms
[2023-03-03T17:16:15.953] [INFO] TIPE_ROUTE - [GET] /tipe Incoming request ...
[2023-03-03T10:16:16.249Z] GET /tipe 304 | - bytes - 294.593 ms
[2023-03-03T17:16:27.470] [INFO] TIPE_ROUTE - [GET] /tipe Incoming request ...
[2023-03-03T10:16:29.049Z] GET /tipe 304 | - bytes - 1581.314 ms
[2023-03-03T17:17:20.022] [INFO] TIPE_ROUTE - [GET] /tipe Incoming request ...
[2023-03-03T10:17:21.120Z] GET /tipe 304 | - bytes - 1098.927 ms
[2023-03-03T17:18:30.154] [INFO] TIPE_ROUTE - [GET] /tipe Incoming request ...
[2023-03-03T10:18:31.178Z] GET /tipe 304 | - bytes - 1024.230 ms
[2023-03-03T17:18:37.227] [INFO] TIPE_ROUTE - [GET] /tipe Incoming request ...
[2023-03-03T10:18:37.454Z] GET /tipe 304 | - bytes - 289.558 ms
[2023-03-03T10:19:03.040Z] GET /tipe/ 403 | 33 bytes - 184.060 ms
[2023-03-03T17:19:02.877] [INFO] TIPE_ROUTE - [GET] /tipe/ Incoming request ...
[2023-03-03T17:19:41.166] [INFO] TIPE_ROUTE - [GET] /tipe Incoming request ...
[2023-03-03T10:19:42.458Z] GET /tipe 304 | - bytes - 1292.167 ms
[2023-03-03T17:20:15.171] [INFO] TIPE_ROUTE - [GET] /tipe Incoming request ...
[2023-03-03T10:20:16.203Z] GET /tipe 304 | - bytes - 1032.351 ms
[2023-03-03T17:20:19.157] [INFO] TIPE_ROUTE - [GET] /tipe Incoming request ...
[2023-03-03T10:20:19.364Z] GET /tipe 304 | - bytes - 207.934 ms
[2023-03-03T17:20:27.156] [INFO] TIPE_ROUTE - [GET] /tipe Incoming request ...
[2023-03-03T10:20:27.364Z] GET /tipe 304 | - bytes - 208.292 ms
[2023-03-03T17:20:28.154] [INFO] TIPE_ROUTE - [GET] /tipe Incoming request ...
[2023-03-03T10:20:28.362Z] GET /tipe 304 | - bytes - 207.859 ms
[2023-03-03T17:20:30.154] [INFO] TIPE_ROUTE - [GET] /tipe Incoming request ...
[2023-03-03T10:20:30.363Z] GET /tipe 304 | - bytes - 209.209 ms
[2023-03-03T17:20:32.297] [INFO] TIPE_ROUTE - [GET] /tipe Incoming request ...
[2023-03-03T10:20:32.506Z] GET /tipe 304 | - bytes - 209.620 ms
[2023-03-03T17:20:33.173] [INFO] TIPE_ROUTE - [GET] /tipe Incoming request ...
[2023-03-03T10:20:33.410Z] GET /tipe 304 | - bytes - 236.353 ms
[2023-03-03T17:20:35.167] [INFO] TIPE_ROUTE - [GET] /tipe Incoming request ...
[2023-03-03T10:20:35.378Z] GET /tipe 304 | - bytes - 210.709 ms
[2023-03-03T17:20:51.163] [INFO] TIPE_ROUTE - [GET] /tipe Incoming request ...
[2023-03-03T10:20:52.216Z] GET /tipe 304 | - bytes - 1053.526 ms
[2023-03-03T17:20:55.151] [INFO] TIPE_ROUTE - [GET] /tipe Incoming request ...
[2023-03-03T10:20:55.365Z] GET /tipe 304 | - bytes - 213.782 ms
[2023-03-03T17:21:16.171] [INFO] TIPE_ROUTE - [GET] /tipe Incoming request ...
[2023-03-03T10:21:17.211Z] GET /tipe 304 | - bytes - 1040.871 ms
[2023-03-03T17:22:08.159] [INFO] TIPE_ROUTE - [GET] /tipe Incoming request ...
[2023-03-03T10:22:09.283Z] GET /tipe 304 | - bytes - 1124.132 ms
[2023-03-03T17:22:10.157] [INFO] TIPE_ROUTE - [GET] /tipe Incoming request ...
[2023-03-03T10:22:10.366Z] GET /tipe 304 | - bytes - 209.103 ms
[2023-03-03T17:22:22.159] [INFO] TIPE_ROUTE - [GET] /tipe Incoming request ...
[2023-03-03T10:22:23.238Z] GET /tipe 304 | - bytes - 1079.232 ms
[2023-03-03T17:34:28.595] [INFO] TIPE_ROUTE - [GET] /tipe/ Incoming request ...
[2023-03-03T10:34:34.808Z] GET /tipe/ - | - bytes - - ms
[2023-03-03T17:35:08.518] [INFO] TIPE_ROUTE - [GET] /tipe/ Incoming request ...
[2023-03-03T17:35:53.377] [INFO] TIPE_ROUTE - [GET] /tipe/ Incoming request ...
[2023-03-03T17:37:28.022] [INFO] TIPE_ROUTE - [GET] /tipe/ Incoming request ...
[2023-03-03T10:37:30.428Z] GET /tipe/ 200 | 1451 bytes - 2407.511 ms
[2023-03-03T17:39:40.771] [INFO] TIPE_ROUTE - [GET] /tipe/1 Incoming request ...
[2023-03-03T10:39:43.938Z] GET /tipe/1 200 | 1078522 bytes - 3166.091 ms
[2023-03-03T17:46:59.430] [INFO] TIPE_ROUTE - [GET] /tipe/1 Incoming request ...
[2023-03-03T17:48:10.656] [INFO] TIPE_ROUTE - [GET] /tipe/1 Incoming request ...
[2023-03-03T10:48:13.669Z] GET /tipe/1 200 | 288 bytes - 3014.262 ms
[2023-03-03T17:48:38.109] [INFO] TIPE_ROUTE - [GET] /tipe/1 Incoming request ...
[2023-03-03T17:49:02.901] [INFO] TIPE_ROUTE - [GET] /tipe/1 Incoming request ...
[2023-03-03T10:49:05.620Z] GET /tipe/1 200 | 288 bytes - 2719.986 ms
[2023-03-03T17:49:34.903] [INFO] TIPE_ROUTE - [GET] /tipe/1 Incoming request ...
[2023-03-03T10:49:37.569Z] GET /tipe/1 200 | 288 bytes - 2669.749 ms
[2023-03-03T17:49:49.116] [INFO] TIPE_ROUTE - [GET] /tipe/1 Incoming request ...
[2023-03-03T10:49:51.871Z] GET /tipe/1 200 | 288 bytes - 2757.717 ms
[2023-03-03T17:50:31.021] [INFO] TIPE_ROUTE - [GET] /tipe/1 Incoming request ...
[2023-03-03T10:50:33.613Z] GET /tipe/1 200 | 1082540 bytes - 2591.681 ms
[2023-03-03T17:53:12.041] [INFO] TIPE_ROUTE - [GET] /tipe/1 Incoming request ...
[2023-03-03T10:53:15.857Z] GET /tipe/1 200 | 303 bytes - 3816.565 ms
[2023-03-03T17:53:59.300] [INFO] TIPE_ROUTE - [GET] /tipe/1 Incoming request ...
[2023-03-03T10:54:01.857Z] GET /tipe/1 200 | 288 bytes - 2558.751 ms
[2023-03-03T17:55:10.752] [INFO] TIPE_ROUTE - [GET] /tipe/1 Incoming request ...
[2023-03-03T10:55:13.810Z] GET /tipe/1 200 | 303 bytes - 3060.697 ms
[2023-03-03T17:58:25.207] [INFO] TIPE_ROUTE - [GET] /tipe/1 Incoming request ...
[2023-03-03T10:58:27.882Z] GET /tipe/1 200 | 1078522 bytes - 2671.833 ms
[2023-03-03T18:17:53.583] [INFO] TIPE_ROUTE - [GET] /tipe Incoming request ...
[2023-03-03T11:17:58.958Z] GET /tipe 304 | - bytes - 5376.422 ms
[2023-03-03T18:32:30.756] [INFO] TIPE_ROUTE - [GET] /tipe Incoming request ...
[2023-03-03T11:32:31.890Z] GET /tipe 304 | - bytes - 1134.152 ms
[2023-03-03T18:33:45.174] [INFO] TIPE_ROUTE - [GET] /tipe Incoming request ...
[2023-03-03T11:33:46.250Z] GET /tipe 304 | - bytes - 1075.746 ms
[2023-03-03T18:33:46.252] [INFO] TIPE_ROUTE - [GET] /tipe Incoming request ...
[2023-03-03T11:33:46.466Z] GET /tipe 304 | - bytes - 214.016 ms
[2023-03-03T18:33:50.180] [INFO] TIPE_ROUTE - [GET] /tipe Incoming request ...
[2023-03-03T11:33:50.399Z] GET /tipe 304 | - bytes - 218.649 ms
[2023-03-03T18:36:36.671] [INFO] TIPE_ROUTE - [GET] /tipe Incoming request ...
[2023-03-03T11:36:37.740Z] GET /tipe 304 | - bytes - 1069.264 ms
[2023-03-03T18:40:33.655] [INFO] TIPE_ROUTE - [GET] /tipe Incoming request ...
[2023-03-03T11:40:36.589Z] GET /tipe 304 | - bytes - 2935.534 ms
[2023-03-03T18:40:52.732] [INFO] TIPE_ROUTE - [GET] /tipe Incoming request ...
[2023-03-03T11:40:53.810Z] GET /tipe 304 | - bytes - 1078.374 ms
[2023-03-03T18:41:18.589] [INFO] TIPE_ROUTE - [GET] /tipe Incoming request ...
[2023-03-03T11:41:19.992Z] GET /tipe 304 | - bytes - 1402.900 ms
[2023-03-03T18:41:35.898] [INFO] TIPE_ROUTE - [GET] /tipe Incoming request ...
[2023-03-03T11:41:36.941Z] GET /tipe 304 | - bytes - 1043.135 ms
[2023-03-03T18:41:38.145] [INFO] TIPE_ROUTE - [GET] /tipe Incoming request ...
[2023-03-03T11:41:38.353Z] GET /tipe 304 | - bytes - 208.358 ms
[2023-03-03T18:41:41.419] [INFO] TIPE_ROUTE - [GET] /tipe Incoming request ...
[2023-03-03T11:41:42.048Z] GET /tipe 304 | - bytes - 629.330 ms
[2023-03-03T18:41:43.319] [INFO] TIPE_ROUTE - [GET] /tipe Incoming request ...
[2023-03-03T11:41:43.539Z] GET /tipe 304 | - bytes - 220.394 ms
[2023-03-03T18:42:10.309] [INFO] TIPE_ROUTE - [GET] /tipe Incoming request ...
[2023-03-03T11:42:11.455Z] GET /tipe 304 | - bytes - 1147.004 ms
[2023-03-03T21:08:18.315] [INFO] TIPE_ROUTE - [GET] /tipe Incoming request ...
[2023-03-03T14:08:20.561Z] GET /tipe 304 | - bytes - 2263.725 ms
[2023-03-03T21:17:56.550] [INFO] TIPE_ROUTE - [GET] /tipe Incoming request ...
[2023-03-03T14:17:58.636Z] GET /tipe 304 | - bytes - 2086.273 ms
[2023-03-04T09:56:10.654] [INFO] TIPE_ROUTE - [GET] /tipe Incoming request ...
[2023-03-04T02:56:12.976Z] GET /tipe 304 | - bytes - 2346.876 ms
[2023-03-04T10:08:11.385] [INFO] TIPE_ROUTE - [GET] /tipe Incoming request ...
[2023-03-04T03:08:13.716Z] GET /tipe 304 | - bytes - 2805.599 ms
[2023-03-04T10:45:01.247] [INFO] TIPE_ROUTE - [GET] /tipe/1 Incoming request ...
[2023-03-04T03:45:04.847Z] GET /tipe/1 200 | 277 bytes - 3619.067 ms
[2023-03-04T10:45:08.372] [INFO] TIPE_ROUTE - [GET] /tipe/null Incoming request ...
[2023-03-04T03:45:08.806Z] GET /tipe/null 404 | 33 bytes - 432.560 ms
[2023-03-04T10:45:45.287] [INFO] TIPE_ROUTE - [GET] /tipe/id Incoming request ...
[2023-03-04T03:45:46.935Z] GET /tipe/id 404 | 33 bytes - 1652.890 ms
[2023-03-04T10:45:51.408] [INFO] TIPE_ROUTE - [GET] /tipe/1 Incoming request ...
[2023-03-04T03:45:51.626Z] GET /tipe/1 304 | - bytes - 219.018 ms
[2023-03-04T10:49:36.433] [INFO] TIPE_ROUTE - [GET] /tipe/null Incoming request ...
[2023-03-04T03:49:38.831Z] GET /tipe/null 404 | 33 bytes - 2398.139 ms
[2023-03-04T10:50:50.786] [INFO] TIPE_ROUTE - [GET] /tipe/1 Incoming request ...
[2023-03-04T03:50:52.753Z] GET /tipe/1 304 | - bytes - 1967.605 ms
[2023-03-04T10:50:52.756] [INFO] TIPE_ROUTE - [GET] /tipe/1 Incoming request ...
[2023-03-04T03:50:52.962Z] GET /tipe/1 304 | - bytes - 206.632 ms
[2023-03-04T10:50:54.356] [INFO] TIPE_ROUTE - [GET] /tipe/1 Incoming request ...
[2023-03-04T03:50:54.585Z] GET /tipe/1 304 | - bytes - 231.730 ms
[2023-03-04T10:51:04.262] [INFO] TIPE_ROUTE - [GET] /tipe/null Incoming request ...
[2023-03-04T03:51:04.474Z] GET /tipe/null 404 | 33 bytes - 211.803 ms
[2023-03-04T10:53:33.466] [INFO] TIPE_ROUTE - [GET] /tipe/1 Incoming request ...
[2023-03-04T03:53:35.359Z] GET /tipe/1 304 | - bytes - 1894.198 ms
[2023-03-04T10:54:12.213] [INFO] TIPE_ROUTE - [GET] /tipe/1 Incoming request ...
[2023-03-04T03:54:13.862Z] GET /tipe/1 304 | - bytes - 1650.009 ms
[2023-03-04T10:54:17.474] [INFO] TIPE_ROUTE - [GET] /tipe/1 Incoming request ...
[2023-03-04T03:54:18.092Z] GET /tipe/1 304 | - bytes - 618.705 ms
[2023-03-04T10:54:22.850] [INFO] TIPE_ROUTE - [GET] /tipe/1 Incoming request ...
[2023-03-04T03:54:23.050Z] GET /tipe/1 304 | - bytes - 201.617 ms
[2023-03-04T10:55:13.705] [INFO] TIPE_ROUTE - [GET] /tipe/1 Incoming request ...
[2023-03-04T03:55:14.910Z] GET /tipe/1 304 | - bytes - 1227.980 ms
[2023-03-04T10:57:25.597] [INFO] TIPE_ROUTE - [GET] /tipe/1 Incoming request ...
[2023-03-04T03:57:29.129Z] GET /tipe/1 304 | - bytes - 3533.190 ms
[2023-03-04T10:57:36.813] [INFO] TIPE_ROUTE - [GET] /tipe/null Incoming request ...
[2023-03-04T03:57:37.020Z] GET /tipe/null 404 | 33 bytes - 207.083 ms
[2023-03-04T10:57:37.027] [INFO] TIPE_ROUTE - [GET] /tipe/1 Incoming request ...
[2023-03-04T03:57:37.237Z] GET /tipe/1 304 | - bytes - 211.516 ms
[2023-03-04T10:58:30.416] [INFO] TIPE_ROUTE - [GET] /tipe/1 Incoming request ...
[2023-03-04T03:58:32.076Z] GET /tipe/1 304 | - bytes - 1659.523 ms
[2023-03-04T10:58:39.894] [INFO] TIPE_ROUTE - [GET] /tipe/1 Incoming request ...
[2023-03-04T03:58:40.110Z] GET /tipe/1 304 | - bytes - 217.453 ms
[2023-03-04T10:58:57.632] [INFO] TIPE_ROUTE - [GET] /tipe/1 Incoming request ...
[2023-03-04T03:59:01.141Z] GET /tipe/1 304 | - bytes - 3509.872 ms
[2023-03-04T10:59:17.357] [INFO] TIPE_ROUTE - [GET] /tipe/1 Incoming request ...
[2023-03-04T03:59:20.171Z] GET /tipe/1 304 | - bytes - 2813.815 ms
[2023-03-04T10:59:41.353] [INFO] TIPE_ROUTE - [GET] /tipe/$(id) Incoming request ...
[2023-03-04T10:59:42.782] [INFO] TIPE_ROUTE - [GET] /tipe/$id) Incoming request ...
[2023-03-04T10:59:44.208] [INFO] TIPE_ROUTE - [GET] /tipe/$id Incoming request ...
[2023-03-04T03:59:44.656Z] GET /tipe/$id) 404 | 33 bytes - 1874.443 ms
[2023-03-04T03:59:44.857Z] GET /tipe/$id 404 | 33 bytes - 650.209 ms
[2023-03-04T03:59:45.053Z] GET /tipe/$(id) 404 | 33 bytes - 3700.800 ms
[2023-03-04T10:59:45.405] [INFO] TIPE_ROUTE - [GET] /tipe/$id%7D Incoming request ...
[2023-03-04T03:59:45.741Z] GET /tipe/$id%7D 404 | 33 bytes - 391.927 ms
[2023-03-04T10:59:47.276] [INFO] TIPE_ROUTE - [GET] /tipe/1 Incoming request ...
[2023-03-04T03:59:47.483Z] GET /tipe/1 304 | - bytes - 207.237 ms
[2023-03-04T10:59:54.661] [INFO] TIPE_ROUTE - [GET] /tipe/1 Incoming request ...
[2023-03-04T03:59:54.867Z] GET /tipe/1 304 | - bytes - 205.671 ms
[2023-03-04T11:00:31.608] [INFO] TIPE_ROUTE - [GET] /tipe/1 Incoming request ...
[2023-03-04T04:00:33.560Z] GET /tipe/1 304 | - bytes - 1952.528 ms
[2023-03-04T11:00:53.971] [INFO] TIPE_ROUTE - [GET] /tipe/1 Incoming request ...
[2023-03-04T04:00:56.283Z] GET /tipe/1 304 | - bytes - 2312.430 ms
[2023-03-04T11:00:57.235] [INFO] TIPE_ROUTE - [GET] /tipe/1 Incoming request ...
[2023-03-04T04:00:57.445Z] GET /tipe/1 304 | - bytes - 210.827 ms
[2023-03-04T11:01:05.984] [INFO] TIPE_ROUTE - [GET] /tipe/1 Incoming request ...
[2023-03-04T04:01:06.191Z] GET /tipe/1 304 | - bytes - 206.671 ms
[2023-03-04T11:01:08.033] [INFO] TIPE_ROUTE - [GET] /tipe/1 Incoming request ...
[2023-03-04T04:01:09.190Z] GET /tipe/1 304 | - bytes - 1157.264 ms
[2023-03-04T11:01:09.192] [INFO] TIPE_ROUTE - [GET] /tipe/1 Incoming request ...
[2023-03-04T04:01:09.402Z] GET /tipe/1 304 | - bytes - 209.720 ms
[2023-03-04T11:01:10.556] [INFO] TIPE_ROUTE - [GET] /tipe/1 Incoming request ...
[2023-03-04T04:01:10.764Z] GET /tipe/1 304 | - bytes - 209.717 ms
[2023-03-04T11:01:15.569] [INFO] TIPE_ROUTE - [GET] /tipe/1 Incoming request ...
[2023-03-04T04:01:15.780Z] GET /tipe/1 304 | - bytes - 212.116 ms
[2023-03-04T11:01:25.919] [INFO] TIPE_ROUTE - [GET] /tipe/1 Incoming request ...
[2023-03-04T04:01:26.144Z] GET /tipe/1 304 | - bytes - 224.781 ms
[2023-03-04T11:01:28.603] [INFO] TIPE_ROUTE - [GET] /tipe/1 Incoming request ...
[2023-03-04T04:01:29.514Z] GET /tipe/1 304 | - bytes - 911.425 ms
[2023-03-04T11:01:54.759] [INFO] TIPE_ROUTE - [GET] /tipe/1 Incoming request ...
[2023-03-04T04:01:56.682Z] GET /tipe/1 304 | - bytes - 1922.620 ms
[2023-03-04T11:02:00.794] [INFO] TIPE_ROUTE - [GET] /tipe/1 Incoming request ...
[2023-03-04T04:02:01.488Z] GET /tipe/1 304 | - bytes - 694.704 ms
[2023-03-04T11:02:48.332] [INFO] TIPE_ROUTE - [GET] /tipe/1 Incoming request ...
[2023-03-04T04:02:50.792Z] GET /tipe/1 200 | 277 bytes - 2480.915 ms
[2023-03-04T11:03:11.634] [INFO] TIPE_ROUTE - [GET] /tipe/1 Incoming request ...
[2023-03-04T04:03:14.475Z] GET /tipe/1 304 | - bytes - 2841.906 ms
[2023-03-04T11:03:14.478] [INFO] TIPE_ROUTE - [GET] /tipe/1 Incoming request ...
[2023-03-04T04:03:14.687Z] GET /tipe/1 304 | - bytes - 208.764 ms
[2023-03-04T11:03:23.133] [INFO] TIPE_ROUTE - [GET] /tipe/1 Incoming request ...
[2023-03-04T04:03:24.350Z] GET /tipe/1 304 | - bytes - 1216.528 ms
[2023-03-04T11:04:23.557] [INFO] TIPE_ROUTE - [GET] /tipe/1 Incoming request ...
[2023-03-04T04:04:25.570Z] GET /tipe/1 304 | - bytes - 2013.315 ms
[2023-03-04T11:04:25.572] [INFO] TIPE_ROUTE - [GET] /tipe/1 Incoming request ...
[2023-03-04T04:04:26.882Z] GET /tipe/1 304 | - bytes - 1309.992 ms
[2023-03-04T11:04:38.452] [INFO] TIPE_ROUTE - [GET] /tipe/1 Incoming request ...
[2023-03-04T04:04:42.783Z] GET /tipe/1 304 | - bytes - 4336.215 ms
[2023-03-04T11:04:42.785] [INFO] TIPE_ROUTE - [GET] /tipe/1 Incoming request ...
[2023-03-04T04:04:42.990Z] GET /tipe/1 304 | - bytes - 205.262 ms
[2023-03-04T11:05:19.263] [INFO] TIPE_ROUTE - [GET] /tipe/1 Incoming request ...
[2023-03-04T04:05:21.129Z] GET /tipe/1 304 | - bytes - 1866.886 ms
[2023-03-04T11:05:21.133] [INFO] TIPE_ROUTE - [GET] /tipe/1 Incoming request ...
[2023-03-04T04:05:21.630Z] GET /tipe/1 304 | - bytes - 497.831 ms
[2023-03-04T11:05:30.076] [INFO] TIPE_ROUTE - [GET] /tipe/1 Incoming request ...
[2023-03-04T04:05:30.286Z] GET /tipe/1 304 | - bytes - 210.921 ms
[2023-03-04T11:06:25.606] [INFO] TIPE_ROUTE - [GET] /tipe/1 Incoming request ...
[2023-03-04T04:06:28.090Z] GET /tipe/1 304 | - bytes - 2484.196 ms
[2023-03-04T11:06:44.142] [INFO] TIPE_ROUTE - [GET] /tipe/1 Incoming request ...
[2023-03-04T04:06:46.790Z] GET /tipe/1 304 | - bytes - 2647.414 ms
[2023-03-04T11:06:50.707] [INFO] TIPE_ROUTE - [GET] /tipe/1 Incoming request ...
[2023-03-04T04:06:50.916Z] GET /tipe/1 304 | - bytes - 208.494 ms
[2023-03-04T11:06:59.146] [INFO] TIPE_ROUTE - [GET] /tipe/1 Incoming request ...
[2023-03-04T04:07:00.358Z] GET /tipe/1 304 | - bytes - 1212.558 ms
[2023-03-04T11:08:26.424] [INFO] TIPE_ROUTE - [GET] /tipe/1 Incoming request ...
[2023-03-04T04:08:28.919Z] GET /tipe/1 304 | - bytes - 2495.296 ms
[2023-03-04T11:08:41.072] [INFO] TIPE_ROUTE - [GET] /tipe/1 Incoming request ...
[2023-03-04T04:08:42.989Z] GET /tipe/1 304 | - bytes - 1917.093 ms
[2023-03-04T11:09:04.031] [INFO] TIPE_ROUTE - [GET] /tipe/1 Incoming request ...
[2023-03-04T04:09:07.669Z] GET /tipe/1 304 | - bytes - 3638.200 ms
[2023-03-04T11:09:13.222] [INFO] TIPE_ROUTE - [GET] /tipe/1 Incoming request ...
[2023-03-04T04:09:13.420Z] GET /tipe/1 304 | - bytes - 197.516 ms
[2023-03-04T11:09:19.492] [INFO] TIPE_ROUTE - [GET] /tipe/1 Incoming request ...
[2023-03-04T04:09:19.693Z] GET /tipe/1 304 | - bytes - 201.053 ms
[2023-03-04T11:09:22.633] [INFO] TIPE_ROUTE - [GET] /tipe/1 Incoming request ...
[2023-03-04T04:09:22.837Z] GET /tipe/1 304 | - bytes - 204.477 ms
[2023-03-04T11:09:32.072] [INFO] TIPE_ROUTE - [GET] /tipe/1 Incoming request ...
[2023-03-04T04:09:32.273Z] GET /tipe/1 304 | - bytes - 200.708 ms
[2023-03-04T11:09:46.195] [INFO] TIPE_ROUTE - [GET] /tipe/1 Incoming request ...
[2023-03-04T04:09:48.101Z] GET /tipe/1 304 | - bytes - 1907.188 ms
[2023-03-04T11:09:52.572] [INFO] TIPE_ROUTE - [GET] /tipe/1 Incoming request ...
[2023-03-04T04:09:53.269Z] GET /tipe/1 304 | - bytes - 697.260 ms
[2023-03-04T11:09:58.798] [INFO] TIPE_ROUTE - [GET] /tipe/1 Incoming request ...
[2023-03-04T04:09:59.013Z] GET /tipe/1 304 | - bytes - 216.165 ms
[2023-03-04T11:10:17.635] [INFO] TIPE_ROUTE - [GET] /tipe/1 Incoming request ...
[2023-03-04T04:10:19.562Z] GET /tipe/1 304 | - bytes - 1927.085 ms
[2023-03-04T11:11:24.081] [INFO] TIPE_ROUTE - [GET] /tipe/1 Incoming request ...
[2023-03-04T04:11:29.081Z] GET /tipe/1 304 | - bytes - 5001.418 ms
[2023-03-04T11:11:45.847] [INFO] TIPE_ROUTE - [GET] /tipe/1 Incoming request ...
[2023-03-04T04:11:48.957Z] GET /tipe/1 304 | - bytes - 3134.461 ms
[2023-03-04T11:11:48.960] [INFO] TIPE_ROUTE - [GET] /tipe/1 Incoming request ...
[2023-03-04T04:11:49.162Z] GET /tipe/1 304 | - bytes - 202.081 ms
[2023-03-04T11:11:50.295] [INFO] TIPE_ROUTE - [GET] /tipe/1 Incoming request ...
[2023-03-04T04:11:50.503Z] GET /tipe/1 304 | - bytes - 202.109 ms
[2023-03-04T11:11:55.461] [INFO] TIPE_ROUTE - [GET] /tipe/1 Incoming request ...
[2023-03-04T04:11:55.665Z] GET /tipe/1 304 | - bytes - 204.714 ms
[2023-03-04T11:12:37.944] [INFO] TIPE_ROUTE - [GET] /tipe/1 Incoming request ...
[2023-03-04T04:12:39.242Z] GET /tipe/1 304 | - bytes - 1298.361 ms
[2023-03-04T11:13:11.274] [INFO] TIPE_ROUTE - [GET] /tipe/1 Incoming request ...
[2023-03-04T04:13:14.300Z] GET /tipe/1 304 | - bytes - 3025.894 ms
[2023-03-04T11:13:25.303] [INFO] TIPE_ROUTE - [GET] /tipe/1 Incoming request ...
[2023-03-04T04:13:27.504Z] GET /tipe/1 304 | - bytes - 2201.191 ms
[2023-03-04T11:16:45.206] [INFO] TIPE_ROUTE - [GET] /tipe/1 Incoming request ...
[2023-03-04T04:16:47.664Z] GET /tipe/1 304 | - bytes - 2458.392 ms
[2023-03-04T11:17:02.294] [INFO] TIPE_ROUTE - [GET] /tipe/1 Incoming request ...
[2023-03-04T04:17:05.769Z] GET /tipe/1 304 | - bytes - 3474.959 ms
[2023-03-04T11:17:16.027] [INFO] TIPE_ROUTE - [GET] /tipe/1 Incoming request ...
[2023-03-04T04:17:18.073Z] GET /tipe/1 304 | - bytes - 2046.346 ms
[2023-03-04T11:19:38.894] [INFO] TIPE_ROUTE - [GET] /tipe/1 Incoming request ...
[2023-03-04T04:19:40.937Z] GET /tipe/1 304 | - bytes - 2044.046 ms
[2023-03-04T11:20:46.935] [INFO] KAMAR_ROUTE - [GET] /kamar Incoming request ...
[2023-03-04T04:20:50.363Z] GET /kamar 304 | - bytes - 3452.682 ms
[2023-03-04T11:20:53.660] [INFO] TIPE_ROUTE - [GET] /tipe Incoming request ...
[2023-03-04T04:20:53.871Z] GET /tipe 304 | - bytes - 212.627 ms
[2023-03-04T11:20:59.298] [INFO] TIPE_ROUTE - [GET] /tipe/2 Incoming request ...
[2023-03-04T04:20:59.501Z] GET /tipe/2 200 | 276 bytes - 203.086 ms
[2023-03-04T11:21:10.366] [INFO] TIPE_ROUTE - [GET] /tipe Incoming request ...
[2023-03-04T04:21:12.216Z] GET /tipe 304 | - bytes - 1851.598 ms
[2023-03-04T16:45:06.231] [INFO] TIPE_ROUTE - [GET] /tipe Incoming request ...
[2023-03-04T09:45:08.567Z] GET /tipe 304 | - bytes - 2443.527 ms
[2023-03-04T16:50:24.106] [INFO] TIPE_ROUTE - [GET] /tipe/3 Incoming request ...
[2023-03-04T09:50:26.384Z] GET /tipe/3 200 | 276 bytes - 2300.071 ms
[2023-03-04T16:54:31.068] [INFO] PEMESANAN_ROUTE - [POST] /pemesanan Incoming request ...
[2023-03-04T09:54:37.079Z] POST /pemesanan 200 | 251 bytes - 7436.967 ms
