[2023-03-05T00:06:03.912] [INFO] avail_ROUTE - [GET] /avail?id_tipe=1&tgl_in=2023-02-27&tgl_out=2023-03-01 Incoming request ...
[2023-03-04T17:06:07.054Z] GET /avail?id_tipe=1&tgl_in=2023-02-27&tgl_out=2023-03-01 200 | 178 bytes - 3141.251 ms
[2023-03-05T01:31:19.876] [INFO] avail_ROUTE - [GET] /avail?id_tipe=1 Incoming request ...
[2023-03-05T01:38:53.277] [INFO] avail_ROUTE - [GET] /avail?id_tipe=1 Incoming request ...
[2023-03-05T01:39:54.696] [INFO] avail_ROUTE - [GET] /avail?id_tipe=1 Incoming request ...
[2023-03-05T01:53:06.233] [INFO] avail_ROUTE - [GET] /avail Incoming request ...
[2023-03-05T01:53:27.489] [INFO] avail_ROUTE - [GET] /avail Incoming request ...
[2023-03-04T18:53:30.659Z] GET /avail 200 | 789 bytes - 3168.831 ms
[2023-03-05T01:53:53.969] [INFO] avail_ROUTE - [GET] /avail?tgl_in=2023-02-27&tgl_out=2023-03-01 Incoming request ...
[2023-03-05T01:57:10.621] [INFO] avail_ROUTE - [GET] /avail?tgl_in=2023-02-27&tgl_out=2023-03-01 Incoming request ...
[2023-03-05T01:58:12.110] [INFO] avail_ROUTE - [GET] /avail?tgl_in=2023-02-27&tgl_out=2023-03-01 Incoming request ...
[2023-03-05T08:17:12.452] [INFO] avail_ROUTE - [GET] /avail?tgl_in=2023-02-27&tgl_out=2023-03-01 Incoming request ...
[2023-03-05T01:17:20.802Z] GET /avail?tgl_in=2023-02-27&tgl_out=2023-03-01 200 | 680 bytes - 8346.397 ms
[2023-03-05T08:20:12.787] [INFO] avail_ROUTE - [GET] /avail?tgl_in=2023-02-27&tgl_out=2023-03-01 Incoming request ...
[2023-03-05T01:20:15.844Z] GET /avail?tgl_in=2023-02-27&tgl_out=2023-03-01 200 | 680 bytes - 3057.854 ms
[2023-03-05T08:20:29.812] [INFO] avail_ROUTE - [GET] /avail?id_tipe=1&tgl_in=2023-02-27&tgl_out=2023-03-01 Incoming request ...
[2023-03-05T01:20:31.776Z] GET /avail?id_tipe=1&tgl_in=2023-02-27&tgl_out=2023-03-01 200 | 152 bytes - 1964.646 ms
[2023-03-05T08:20:52.716] [INFO] avail_ROUTE - [GET] /avail?id_tipe=1 Incoming request ...
[2023-03-05T01:20:54.650Z] GET /avail?id_tipe=1 200 | 178 bytes - 1933.117 ms
[2023-03-05T08:22:15.814] [INFO] avail_ROUTE - [GET] /avail?tgl_in=2023-02-27&tgl_out=2023-03-01 Incoming request ...
[2023-03-05T01:22:19.861Z] GET /avail?tgl_in=2023-02-27&tgl_out=2023-03-01 200 | 680 bytes - 4046.082 ms
[2023-03-05T08:23:04.141] [INFO] avail_ROUTE - [GET] /avail?tgl_in=2023-02-27%2000:00:00&tgl_out=2023-03-01 Incoming request ...
[2023-03-05T01:23:07.187Z] GET /avail?tgl_in=2023-02-27%2000:00:00&tgl_out=2023-03-01 200 | 680 bytes - 3046.442 ms
[2023-03-05T08:26:51.695] [INFO] avail_ROUTE - [GET] /avail?tgl_in=2023-02-27%2000:00:00&tgl_out=2023-03-01 Incoming request ...
[2023-03-05T01:26:55.644Z] GET /avail?tgl_in=2023-02-27%2000:00:00&tgl_out=2023-03-01 200 | 680 bytes - 3950.132 ms
[2023-03-05T08:33:10.018] [INFO] avail_ROUTE - [GET] /avail?tgl_in=2023-02-27&tgl_out=2023-03-01 Incoming request ...
[2023-03-05T01:33:11.964Z] GET /avail?tgl_in=2023-02-27&tgl_out=2023-03-01 200 | 680 bytes - 1946.087 ms
[2023-03-05T08:34:50.453] [INFO] avail_ROUTE - [GET] /avail?tgl_in=2023-02-27&tgl_out=2023-03-01 Incoming request ...
[2023-03-05T01:34:53.493Z] GET /avail?tgl_in=2023-02-27&tgl_out=2023-03-01 200 | 761 bytes - 3041.206 ms
[2023-03-05T08:35:22.133] [INFO] avail_ROUTE - [GET] /avail?tgl_in=2023-02-27&tgl_out=2023-02-28 Incoming request ...
[2023-03-05T01:35:24.053Z] GET /avail?tgl_in=2023-02-27&tgl_out=2023-02-28 200 | 761 bytes - 1920.905 ms
[2023-03-05T08:43:32.037] [INFO] avail_ROUTE - [GET] /avail?tgl_in=2023-02-27&tgl_out=2023-03-01 Incoming request ...
[2023-03-05T08:44:49.999] [INFO] avail_ROUTE - [GET] /avail?tgl_in=2023-02-27&tgl_out=2023-03-01 Incoming request ...
[2023-03-05T08:46:02.771] [INFO] avail_ROUTE - [GET] /avail?tgl_in=2023-02-27&tgl_out=2023-03-01 Incoming request ...
[2023-03-05T08:46:47.917] [INFO] avail_ROUTE - [GET] /avail?tgl_in=2023-02-27&tgl_out=2023-03-01 Incoming request ...
[2023-03-05T08:48:46.533] [INFO] avail_ROUTE - [GET] /avail?tgl_in=2023-02-27&tgl_out=2023-03-01 Incoming request ...
[2023-03-05T08:50:28.330] [INFO] avail_ROUTE - [GET] /avail?tgl_in=2023-02-27&tgl_out=2023-03-01 Incoming request ...
[2023-03-05T01:50:31.983Z] GET /avail?tgl_in=2023-02-27&tgl_out=2023-03-01 200 | 680 bytes - 3652.745 ms
[2023-03-05T08:51:06.967] [INFO] avail_ROUTE - [GET] /avail?tgl_in=2023-02-27&tgl_out=2023-02-28 Incoming request ...
[2023-03-05T01:51:09.130Z] GET /avail?tgl_in=2023-02-27&tgl_out=2023-02-28 200 | 680 bytes - 2163.556 ms
[2023-03-05T08:51:22.997] [INFO] avail_ROUTE - [GET] /avail?tgl_in=2023-02-27&tgl_out=2023-03-01 Incoming request ...
[2023-03-05T01:51:24.982Z] GET /avail?tgl_in=2023-02-27&tgl_out=2023-03-01 200 | 680 bytes - 1984.040 ms
[2023-03-05T08:51:29.336] [INFO] avail_ROUTE - [GET] /avail?tgl_in=2023-02-27&tgl_out=2023-03-02 Incoming request ...
[2023-03-05T01:51:29.555Z] GET /avail?tgl_in=2023-02-27&tgl_out=2023-03-02 200 | 680 bytes - 220.678 ms
[2023-03-05T08:52:24.247] [INFO] avail_ROUTE - [GET] /avail?tgl_in=2023-02-27&tgl_out=2023-03-04 Incoming request ...
[2023-03-05T01:52:27.264Z] GET /avail?tgl_in=2023-02-27&tgl_out=2023-03-04 200 | 761 bytes - 3017.567 ms
[2023-03-05T08:52:33.830] [INFO] avail_ROUTE - [GET] /avail?tgl_in=2023-02-27&tgl_out=2023-03-01 Incoming request ...
[2023-03-05T01:52:34.037Z] GET /avail?tgl_in=2023-02-27&tgl_out=2023-03-01 200 | 761 bytes - 206.399 ms
[2023-03-05T08:52:44.764] [INFO] avail_ROUTE - [GET] /avail?tgl_in=2023-02-27&tgl_out=2023-02-28 Incoming request ...
[2023-03-05T01:52:46.652Z] GET /avail?tgl_in=2023-02-27&tgl_out=2023-02-28 200 | 761 bytes - 1888.208 ms
[2023-03-05T08:52:52.679] [INFO] avail_ROUTE - [GET] /avail?tgl_in=2023-02-27&tgl_out=2023-02-27 Incoming request ...
[2023-03-05T01:52:53.067Z] GET /avail?tgl_in=2023-02-27&tgl_out=2023-02-27 200 | 733 bytes - 388.744 ms
[2023-03-05T08:53:46.103] [INFO] avail_ROUTE - [GET] /avail?tgl_in=2023-02-27&tgl_out=2023-02-27 Incoming request ...
[2023-03-05T01:53:49.151Z] GET /avail?tgl_in=2023-02-27&tgl_out=2023-02-27 200 | 706 bytes - 3047.949 ms
[2023-03-05T08:53:55.650] [INFO] avail_ROUTE - [GET] /avail?tgl_in=2023-02-27&tgl_out=2023-02-28 Incoming request ...
[2023-03-05T01:53:55.862Z] GET /avail?tgl_in=2023-02-27&tgl_out=2023-02-28 200 | 680 bytes - 212.943 ms
[2023-03-05T08:54:08.937] [INFO] avail_ROUTE - [GET] /avail?tgl_in=2023-02-27&tgl_out=2023-02-28 Incoming request ...
[2023-03-05T01:54:12.054Z] GET /avail?tgl_in=2023-02-27&tgl_out=2023-02-28 200 | 733 bytes - 3117.470 ms
[2023-03-05T08:54:22.926] [INFO] avail_ROUTE - [GET] /avail?tgl_in=2023-02-27&tgl_out=2023-02-29 Incoming request ...
[2023-03-05T01:54:25.436Z] GET /avail?tgl_in=2023-02-27&tgl_out=2023-02-29 200 | 761 bytes - 2510.752 ms
[2023-03-05T08:54:35.562] [INFO] avail_ROUTE - [GET] /avail?tgl_in=2023-02-27&tgl_out=2023-03-01 Incoming request ...
[2023-03-05T01:54:37.625Z] GET /avail?tgl_in=2023-02-27&tgl_out=2023-03-01 200 | 761 bytes - 2063.536 ms
[2023-03-05T08:55:35.287] [INFO] avail_ROUTE - [GET] /avail?tgl_in=2023-03-01&tgl_out=2023-03-02 Incoming request ...
[2023-03-05T01:55:38.195Z] GET /avail?tgl_in=2023-03-01&tgl_out=2023-03-02 200 | 706 bytes - 2909.371 ms
[2023-03-05T08:55:57.403] [INFO] avail_ROUTE - [GET] /avail?tgl_in=2023-02-28&tgl_out=2023-03-02 Incoming request ...
[2023-03-05T01:55:58.718Z] GET /avail?tgl_in=2023-02-28&tgl_out=2023-03-02 200 | 680 bytes - 1316.077 ms
[2023-03-05T08:56:03.511] [INFO] avail_ROUTE - [GET] /avail?id_tipe=1&tgl_in=2023-02-28&tgl_out=2023-03-02 Incoming request ...
[2023-03-05T01:56:03.718Z] GET /avail?id_tipe=1&tgl_in=2023-02-28&tgl_out=2023-03-02 200 | 152 bytes - 207.465 ms
[2023-03-05T12:57:36.330] [INFO] PEMESANAN_ROUTE - [GET] /pemesanan Incoming request ...
[2023-03-05T05:57:40.060Z] GET /pemesanan 200 | 380 bytes - 3730.488 ms
[2023-03-05T12:58:25.702] [INFO] PEMESANAN_ROUTE - [GET] /pemesanan Incoming request ...
[2023-03-05T12:58:41.512] [INFO] PEMESANAN_ROUTE - [GET] /pemesanan Incoming request ...
[2023-03-05T05:58:44.610Z] GET /pemesanan 200 | 329 bytes - 3099.011 ms
[2023-03-05T13:00:05.212] [INFO] PEMESANAN_ROUTE - [GET] /pemesanan?id_tipe=2 Incoming request ...
[2023-03-05T06:00:08.352Z] GET /pemesanan?id_tipe=2 200 | 65 bytes - 3140.210 ms
[2023-03-05T13:00:14.729] [INFO] PEMESANAN_ROUTE - [GET] /pemesanan?id_tipe=1 Incoming request ...
[2023-03-05T06:00:14.939Z] GET /pemesanan?id_tipe=1 200 | 329 bytes - 209.967 ms
[2023-03-05T13:00:53.857] [INFO] PEMESANAN_ROUTE - [GET] /pemesanan?tgl_pesan=2023-03-04 Incoming request ...
[2023-03-05T06:00:55.791Z] GET /pemesanan?tgl_pesan=2023-03-04 200 | 329 bytes - 1934.744 ms
[2023-03-05T13:01:01.837] [INFO] PEMESANAN_ROUTE - [GET] /pemesanan?tgl_pesan=2023-03-05 Incoming request ...
[2023-03-05T06:01:02.475Z] GET /pemesanan?tgl_pesan=2023-03-05 200 | 65 bytes - 637.339 ms
[2023-03-05T13:01:32.401] [INFO] PEMESANAN_ROUTE - [GET] /pemesanan?email_tamu=rizki Incoming request ...
